2025-06-19 18:53:12,297 - ERROR - Requests ProxyError, pattern: 0320??????, retry
2025-06-19 18:53:44,488 - ERROR - Timeout, pattern: 032503????, retry
2025-06-19 18:53:44,568 - ERROR - Requests ProxyError, pattern: 032503????, retry
2025-06-19 18:54:38,107 - ERROR - Timeout, pattern: 032515????, retry
2025-06-19 18:54:56,744 - ERROR - Timeout, pattern: 032518????, retry
2025-06-19 18:55:18,415 - ERROR - Timeout, pattern: 032521????, retry
2025-06-19 18:55:55,765 - ERROR - Timeout, pattern: 032530????, retry
2025-06-19 18:57:48,008 - ERROR - Timeout, pattern: 032560????, retry
2025-06-19 18:59:00,943 - ERROR - Timeout, pattern: 032578????, retry
2025-06-19 18:59:32,000 - ERROR - Timeout, pattern: 032583????, retry
2025-06-19 19:00:21,704 - ERROR - Timeout, pattern: 032597????, retry
2025-06-19 19:00:42,234 - ERROR - Requests ProxyError, pattern: 032600????, retry
2025-06-19 19:00:57,331 - ERROR - Timeout, pattern: 032603????, retry
2025-06-19 19:01:07,088 - ERROR - Timeout, pattern: 032605????, retry
2025-06-19 19:01:28,370 - ERROR - Timeout, pattern: 03261?????, retry
2025-06-19 19:03:09,527 - ERROR - Timeout, pattern: 032633????, retry
2025-06-19 19:03:16,801 - ERROR - Requests ProxyError, pattern: 032635????, retry
2025-06-19 19:03:21,886 - ERROR - Timeout, pattern: 032635????, retry
2025-06-19 19:05:51,904 - ERROR - Timeout, pattern: 03267?????, retry
2025-06-19 19:05:57,741 - ERROR - Timeout, pattern: 03267?????, retry
2025-06-19 19:06:09,448 - ERROR - Timeout, pattern: 032671????, retry
2025-06-19 19:06:15,277 - ERROR - Timeout, pattern: 032671????, retry
2025-06-19 19:06:23,039 - ERROR - Timeout, pattern: 032672????, retry
2025-06-19 19:06:38,225 - ERROR - Timeout, pattern: 032674????, retry
2025-06-19 19:06:44,088 - ERROR - Timeout, pattern: 032674????, retry
2025-06-19 19:07:00,124 - ERROR - Unknown error: HTTPSConnectionPool(host='apigami.viettel.vn', port=443): Max retries exceeded with url: /mvt-api/myviettel.php/omiSearchSimV2?isdn_type=2&page_type=&page=1&page_size=50&key_search=032678????&total_record=1&captcha=&sid= (Caused by SSLError(SSLEOFError(8, '[SSL: UNEXPECTED_EOF_WHILE_READING] EOF occurred in violation of protocol (_ssl.c:1006)'))), retry
2025-06-19 19:07:05,923 - ERROR - Timeout, pattern: 032678????, retry
2025-06-19 19:08:17,261 - ERROR - Timeout, pattern: 032695????, retry
2025-06-19 19:08:51,817 - ERROR - Timeout, pattern: 032703????, retry
2025-06-19 19:09:43,984 - ERROR - Timeout, pattern: 032714????, retry
2025-06-19 19:10:36,064 - ERROR - Timeout, pattern: 032727????, retry
2025-06-19 19:12:48,523 - ERROR - Timeout, pattern: 0327436???, retry
2025-06-19 19:13:04,342 - ERROR - Requests ProxyError, pattern: 032745????, retry
2025-06-19 19:13:35,457 - ERROR - Timeout, pattern: 032755????, retry
2025-06-19 19:13:41,302 - ERROR - Timeout, pattern: 032755????, retry
2025-06-19 19:14:22,806 - ERROR - Timeout, pattern: 032761????, retry
2025-06-19 19:14:41,967 - ERROR - Requests ProxyError, pattern: 032767????, retry
2025-06-19 19:14:46,589 - ERROR - Requests ProxyError, pattern: 032768????, retry
2025-06-19 19:15:19,455 - ERROR - Timeout, pattern: 032773????, retry
2025-06-19 19:16:03,995 - ERROR - Timeout, pattern: 032785????, retry
2025-06-19 19:16:14,284 - ERROR - Timeout, pattern: 032786????, retry
2025-06-19 19:16:19,408 - ERROR - Timeout, pattern: 032786????, retry
2025-06-19 19:16:33,133 - ERROR - Timeout, pattern: 032788????, retry
2025-06-19 19:17:09,976 - ERROR - Unknown error: HTTPSConnectionPool(host='apigami.viettel.vn', port=443): Max retries exceeded with url: /mvt-api/myviettel.php/omiSearchSimV2?isdn_type=2&page_type=&page=1&page_size=50&key_search=032796????&total_record=1&captcha=&sid= (Caused by SSLError(SSLEOFError(8, '[SSL: UNEXPECTED_EOF_WHILE_READING] EOF occurred in violation of protocol (_ssl.c:1006)'))), retry
2025-06-19 19:17:59,349 - ERROR - Timeout, pattern: 0327969???, retry
2025-06-19 19:18:07,711 - ERROR - Timeout, pattern: 032799????, retry
2025-06-19 19:18:22,286 - ERROR - Timeout, pattern: 03280?????, retry
2025-06-19 19:18:28,129 - ERROR - Timeout, pattern: 03280?????, retry
2025-06-19 19:18:59,066 - ERROR - Unknown error: HTTPSConnectionPool(host='apigami.viettel.vn', port=443): Max retries exceeded with url: /mvt-api/myviettel.php/omiSearchSimV2?isdn_type=2&page_type=&page=1&page_size=50&key_search=032806????&total_record=1&captcha=&sid= (Caused by SSLError(SSLEOFError(8, '[SSL: UNEXPECTED_EOF_WHILE_READING] EOF occurred in violation of protocol (_ssl.c:1006)'))), retry
2025-06-19 19:18:59,179 - ERROR - Requests ProxyError, pattern: 032806????, retry
2025-06-19 19:18:59,267 - ERROR - Requests ProxyError, pattern: 032806????, retry
2025-06-19 19:19:44,282 - ERROR - Requests ProxyError, pattern: 03282?????, retry
2025-06-19 19:22:20,625 - ERROR - Requests ProxyError, pattern: 03285?????, retry
2025-06-19 19:22:27,297 - ERROR - Timeout, pattern: 032850????, retry
2025-06-19 19:23:21,148 - ERROR - Requests ProxyError, pattern: 032866????, retry
2025-06-19 19:24:13,301 - ERROR - Timeout, pattern: 032879????, retry
2025-06-19 19:24:34,006 - ERROR - Timeout, pattern: 032881????, retry
2025-06-19 19:24:47,891 - ERROR - Timeout, pattern: 032885????, retry
2025-06-19 19:25:24,767 - ERROR - Timeout, pattern: 032895????, retry
2025-06-19 19:25:45,957 - ERROR - Timeout, pattern: 0329??????, retry
2025-06-19 19:26:25,578 - ERROR - Requests ProxyError, pattern: 032909????, retry
2025-06-19 19:26:58,275 - ERROR - Timeout, pattern: 032917????, retry
2025-06-19 19:26:58,888 - ERROR - Requests ProxyError, pattern: 032918????, retry
2025-06-19 19:27:44,851 - ERROR - Timeout, pattern: 03293?????, retry
2025-06-19 19:28:27,257 - ERROR - Timeout, pattern: 032938????, retry
2025-06-19 19:28:33,064 - ERROR - Timeout, pattern: 032938????, retry
2025-06-19 19:29:31,682 - ERROR - Timeout, pattern: 0329491???, retry
2025-06-19 19:30:14,824 - ERROR - Timeout, pattern: 03295?????, retry
2025-06-19 19:30:44,430 - ERROR - Timeout, pattern: 032956????, retry
2025-06-19 19:30:59,295 - ERROR - Timeout, pattern: 032959????, retry
2025-06-19 19:31:41,496 - ERROR - Timeout, pattern: 032968????, retry
2025-06-19 19:31:50,772 - ERROR - Timeout, pattern: 032969????, retry
2025-06-19 19:33:07,103 - ERROR - Unknown error: HTTPSConnectionPool(host='apigami.viettel.vn', port=443): Max retries exceeded with url: /mvt-api/myviettel.php/omiSearchSimV2?isdn_type=2&page_type=&page=1&page_size=50&key_search=032986????&total_record=1&captcha=&sid= (Caused by SSLError(SSLEOFError(8, '[SSL: UNEXPECTED_EOF_WHILE_READING] EOF occurred in violation of protocol (_ssl.c:1006)'))), retry
2025-06-19 19:33:15,326 - ERROR - Timeout, pattern: 032988????, retry
2025-06-19 19:33:21,155 - ERROR - Timeout, pattern: 032988????, retry
2025-06-19 19:33:29,285 - ERROR - Timeout, pattern: 032989????, retry
2025-06-19 19:33:37,878 - ERROR - Timeout, pattern: 03299?????, retry
2025-06-19 19:34:02,114 - ERROR - Timeout, pattern: 032994????, retry
2025-06-19 19:35:16,387 - ERROR - Requests ProxyError, pattern: 033211????, retry
2025-06-19 19:35:47,229 - ERROR - Timeout, pattern: 0332151???, retry
2025-06-19 19:36:48,754 - ERROR - Timeout, pattern: 033223????, retry
2025-06-19 19:36:54,590 - ERROR - Timeout, pattern: 033223????, retry
2025-06-19 19:37:30,788 - ERROR - Timeout, pattern: 033230????, retry
2025-06-19 19:37:36,608 - ERROR - Timeout, pattern: 033230????, retry
2025-06-19 19:39:29,537 - ERROR - Timeout, pattern: 033261????, retry
2025-06-19 19:39:52,444 - ERROR - Timeout, pattern: 033265????, retry
2025-06-19 19:40:13,787 - ERROR - Requests ProxyError, pattern: 033271????, retry
2025-06-19 19:40:24,632 - ERROR - Requests ProxyError, pattern: 033274????, retry
2025-06-19 19:40:42,085 - ERROR - Timeout, pattern: 033279????, retry
2025-06-19 19:41:58,945 - ERROR - Timeout, pattern: 03330?????, retry
2025-06-19 19:42:04,769 - ERROR - Timeout, pattern: 03330?????, retry
2025-06-19 19:44:21,573 - ERROR - Timeout, pattern: 033372????, retry
2025-06-19 19:45:16,103 - ERROR - Timeout, pattern: 033384????, retry
2025-06-19 19:45:34,452 - ERROR - Timeout, pattern: 033389????, retry
2025-06-19 19:45:41,313 - ERROR - Timeout, pattern: 033389????, retry
2025-06-19 19:46:02,730 - ERROR - Timeout, pattern: 033393????, retry
2025-06-19 19:46:49,277 - ERROR - Requests ProxyError, pattern: 033401????, retry
2025-06-19 19:47:02,786 - ERROR - Timeout, pattern: 033405????, retry
2025-06-19 19:48:01,482 - ERROR - Requests ProxyError, pattern: 033418????, retry
2025-06-19 19:48:46,400 - ERROR - Timeout, pattern: 033428????, retry
2025-06-19 19:49:03,166 - ERROR - Timeout, pattern: 033430????, retry
2025-06-19 19:51:40,061 - ERROR - Timeout, pattern: 03347?????, retry
2025-06-19 19:51:55,822 - ERROR - Timeout, pattern: 033473????, retry
2025-06-19 19:52:03,993 - ERROR - Timeout, pattern: 033476????, retry
2025-06-19 19:53:24,074 - ERROR - Requests ProxyError, pattern: 033497????, retry
2025-06-19 19:53:50,516 - ERROR - Timeout, pattern: 033501????, retry
2025-06-19 19:54:21,778 - ERROR - Requests ProxyError, pattern: 03351?????, retry
2025-06-19 19:54:45,575 - ERROR - Timeout, pattern: 033514????, retry
2025-06-19 19:55:11,801 - ERROR - Requests ProxyError, pattern: 033520????, retry
2025-06-19 19:56:10,633 - ERROR - Timeout, pattern: 033535????, retry
2025-06-19 19:56:56,014 - ERROR - Timeout, pattern: 033545????, retry
2025-06-19 19:57:09,954 - ERROR - Timeout, pattern: 033547????, retry
2025-06-19 19:57:23,812 - ERROR - Timeout, pattern: 03355?????, retry
2025-06-19 19:58:33,574 - ERROR - Timeout, pattern: 033569????, retry
2025-06-19 19:58:42,078 - ERROR - Timeout, pattern: 03357?????, retry
2025-06-19 19:58:51,175 - ERROR - Timeout, pattern: 033570????, retry
2025-06-19 19:59:20,427 - ERROR - Timeout, pattern: 033578????, retry
2025-06-19 20:01:00,403 - ERROR - Timeout, pattern: 0335977???, retry
2025-06-19 20:01:40,837 - ERROR - Timeout, pattern: 033605????, retry
2025-06-19 20:01:50,110 - ERROR - Timeout, pattern: 033606????, retry
2025-06-19 20:02:27,741 - ERROR - Unknown error: HTTPSConnectionPool(host='apigami.viettel.vn', port=443): Max retries exceeded with url: /mvt-api/myviettel.php/omiSearchSimV2?isdn_type=2&page_type=&page=1&page_size=50&key_search=033611????&total_record=1&captcha=&sid= (Caused by SSLError(SSLEOFError(8, '[SSL: UNEXPECTED_EOF_WHILE_READING] EOF occurred in violation of protocol (_ssl.c:1006)'))), retry
2025-06-19 20:04:46,934 - ERROR - Timeout, pattern: 03365?????, retry
2025-06-19 20:05:10,778 - ERROR - Timeout, pattern: 033654????, retry
2025-06-19 20:05:44,409 - ERROR - Timeout, pattern: 0336573???, retry
2025-06-19 20:05:50,252 - ERROR - Timeout, pattern: 0336573???, retry
2025-06-19 20:05:56,074 - ERROR - Timeout, pattern: 0336573???, retry
2025-06-19 20:07:00,038 - ERROR - Requests ProxyError, pattern: 03366?????, retry
2025-06-19 20:07:40,634 - ERROR - Timeout, pattern: 033670????, retry
2025-06-19 20:07:55,386 - ERROR - Timeout, pattern: 033672????, retry
2025-06-19 20:08:24,543 - ERROR - Timeout, pattern: 033679????, retry
2025-06-19 20:08:54,939 - ERROR - Timeout, pattern: 033683????, retry
2025-06-19 20:09:15,651 - ERROR - Timeout, pattern: 033686????, retry
2025-06-19 20:09:32,056 - ERROR - Timeout, pattern: 033689????, retry
2025-06-19 20:09:37,905 - ERROR - Timeout, pattern: 033689????, retry
2025-06-19 20:09:43,756 - ERROR - Timeout, pattern: 033689????, retry
2025-06-19 20:09:56,062 - ERROR - Timeout, pattern: 033690????, retry
2025-06-19 20:10:01,919 - ERROR - Timeout, pattern: 033690????, retry
2025-06-19 20:10:02,547 - ERROR - Requests ProxyError, pattern: 033691????, retry
2025-06-19 20:10:09,001 - ERROR - Timeout, pattern: 033692????, retry
2025-06-19 20:10:14,113 - ERROR - Timeout, pattern: 033692????, retry
2025-06-19 20:11:17,300 - ERROR - Unknown error: HTTPSConnectionPool(host='apigami.viettel.vn', port=443): Max retries exceeded with url: /mvt-api/myviettel.php/omiSearchSimV2?isdn_type=2&page_type=&page=1&page_size=50&key_search=033710????&total_record=1&captcha=&sid= (Caused by SSLError(SSLEOFError(8, '[SSL: UNEXPECTED_EOF_WHILE_READING] EOF occurred in violation of protocol (_ssl.c:1006)'))), retry
2025-06-19 20:11:21,079 - ERROR - Requests ProxyError, pattern: 033711????, retry
2025-06-19 20:11:59,798 - ERROR - Timeout, pattern: 033720????, retry
2025-06-19 20:12:12,117 - ERROR - Requests ProxyError, pattern: 033723????, retry
2025-06-19 20:12:32,685 - ERROR - Timeout, pattern: 033727????, retry
2025-06-19 20:12:32,793 - ERROR - Requests ProxyError, pattern: 033727????, retry
2025-06-19 20:12:52,998 - ERROR - Timeout, pattern: 033730????, retry
2025-06-19 20:13:07,479 - ERROR - Timeout, pattern: 033733????, retry
2025-06-19 20:14:19,876 - ERROR - Timeout, pattern: 033749????, retry
2025-06-19 20:14:43,602 - ERROR - Timeout, pattern: 033752????, retry
2025-06-19 20:14:47,762 - ERROR - Unknown error: HTTPSConnectionPool(host='apigami.viettel.vn', port=443): Max retries exceeded with url: /mvt-api/myviettel.php/omiSearchSimV2?isdn_type=2&page_type=&page=1&page_size=50&key_search=033752????&total_record=1&captcha=&sid= (Caused by SSLError(SSLEOFError(8, '[SSL: UNEXPECTED_EOF_WHILE_READING] EOF occurred in violation of protocol (_ssl.c:1006)'))), retry
2025-06-19 20:14:53,396 - ERROR - Unknown error: HTTPSConnectionPool(host='apigami.viettel.vn', port=443): Max retries exceeded with url: /mvt-api/myviettel.php/omiSearchSimV2?isdn_type=2&page_type=&page=1&page_size=50&key_search=033753????&total_record=1&captcha=&sid= (Caused by SSLError(SSLEOFError(8, '[SSL: UNEXPECTED_EOF_WHILE_READING] EOF occurred in violation of protocol (_ssl.c:1006)'))), retry
2025-06-19 20:15:06,737 - ERROR - Timeout, pattern: 033755????, retry
2025-06-19 20:15:30,716 - ERROR - Timeout, pattern: 033760????, retry
2025-06-19 20:15:35,836 - ERROR - Timeout, pattern: 033760????, retry
2025-06-19 20:16:03,172 - ERROR - Timeout, pattern: 033765????, retry
2025-06-19 20:16:34,452 - ERROR - Timeout, pattern: 033770????, retry
2025-06-19 20:17:06,997 - ERROR - Timeout, pattern: 033778????, retry
2025-06-19 20:18:34,409 - ERROR - Timeout, pattern: 0337927???, retry
2025-06-19 20:18:42,107 - ERROR - Timeout, pattern: 0337929???, retry
2025-06-19 20:18:47,179 - ERROR - Timeout, pattern: 0337929???, retry
2025-06-19 20:18:52,999 - ERROR - Timeout, pattern: 0337929???, retry
2025-06-19 20:19:04,916 - ERROR - Timeout, pattern: 033794????, retry
2025-06-19 20:19:23,178 - ERROR - Timeout, pattern: 033797????, retry
2025-06-19 20:20:06,545 - ERROR - Timeout, pattern: 033807????, retry
2025-06-19 20:20:48,892 - ERROR - Requests ProxyError, pattern: 033819????, retry
2025-06-19 20:21:01,350 - ERROR - Timeout, pattern: 033820????, retry
2025-06-19 20:21:32,664 - ERROR - Timeout, pattern: 03383?????, retry
2025-06-19 20:22:40,822 - ERROR - Requests ProxyError, pattern: 033847????, retry
2025-06-19 20:23:39,388 - ERROR - Timeout, pattern: 033894????, retry
2025-06-19 20:24:17,008 - ERROR - Timeout, pattern: 033902????, retry
2025-06-19 20:24:17,096 - ERROR - Requests ProxyError, pattern: 033902????, retry
2025-06-19 20:25:14,448 - ERROR - Timeout, pattern: 033925????, retry
2025-06-19 20:25:43,301 - ERROR - Timeout, pattern: 033941????, retry
2025-06-19 20:26:07,524 - ERROR - Requests ProxyError, pattern: 033949????, retry
2025-06-19 20:26:28,269 - ERROR - Timeout, pattern: 033953????, retry
2025-06-19 20:26:42,679 - ERROR - Timeout, pattern: 033955????, retry
2025-06-19 20:28:06,431 - ERROR - Timeout, pattern: 033979????, retry
2025-06-19 20:28:12,805 - ERROR - Timeout, pattern: 03398?????, retry
2025-06-19 20:29:54,948 - ERROR - Unknown error: HTTPSConnectionPool(host='apigami.viettel.vn', port=443): Max retries exceeded with url: /mvt-api/myviettel.php/omiSearchSimV2?isdn_type=2&page_type=&page=1&page_size=50&key_search=034204????&total_record=1&captcha=&sid= (Caused by SSLError(SSLEOFError(8, '[SSL: UNEXPECTED_EOF_WHILE_READING] EOF occurred in violation of protocol (_ssl.c:1006)'))), retry
2025-06-19 20:31:18,057 - ERROR - Timeout, pattern: 034216????, retry
2025-06-19 20:31:37,452 - ERROR - Timeout, pattern: 034219????, retry
2025-06-19 20:31:41,185 - ERROR - Requests ProxyError, pattern: 03422?????, retry
2025-06-19 20:31:50,592 - ERROR - Timeout, pattern: 03423?????, retry
2025-06-19 20:31:56,429 - ERROR - Timeout, pattern: 03423?????, retry
2025-06-19 20:32:09,608 - ERROR - Timeout, pattern: 034231????, retry
2025-06-19 20:32:14,716 - ERROR - Timeout, pattern: 034231????, retry
2025-06-19 20:32:36,383 - ERROR - Timeout, pattern: 034235????, retry
2025-06-19 20:33:03,349 - ERROR - Timeout, pattern: 034241????, retry
2025-06-19 20:33:23,111 - ERROR - Timeout, pattern: 034245????, retry
2025-06-19 20:34:02,854 - ERROR - Timeout, pattern: 034256????, retry
2025-06-19 20:34:36,910 - ERROR - Unknown error: HTTPSConnectionPool(host='apigami.viettel.vn', port=443): Max retries exceeded with url: /mvt-api/myviettel.php/omiSearchSimV2?isdn_type=2&page_type=&page=1&page_size=50&key_search=034263????&total_record=1&captcha=&sid= (Caused by SSLError(SSLEOFError(8, '[SSL: UNEXPECTED_EOF_WHILE_READING] EOF occurred in violation of protocol (_ssl.c:1006)'))), retry
2025-06-19 20:35:30,542 - ERROR - Timeout, pattern: 034276????, retry
2025-06-19 20:36:32,943 - ERROR - Timeout, pattern: 0342927???, retry
2025-06-19 20:36:49,899 - ERROR - Timeout, pattern: 0342929???, retry
2025-06-19 20:37:08,787 - ERROR - Requests ProxyError, pattern: 034296????, retry
2025-06-19 20:37:28,228 - ERROR - Timeout, pattern: 0342964???, retry
2025-06-19 20:39:32,986 - ERROR - Timeout, pattern: 034320????, retry
2025-06-19 20:39:52,719 - ERROR - Timeout, pattern: 034324????, retry
2025-06-19 20:40:14,693 - ERROR - Timeout, pattern: 034329????, retry
2025-06-19 20:40:24,887 - ERROR - Timeout, pattern: 03433?????, retry
2025-06-19 20:40:44,853 - ERROR - Timeout, pattern: 034334????, retry
2025-06-19 20:41:17,047 - ERROR - Timeout, pattern: 034340????, retry
2025-06-19 20:42:04,054 - ERROR - Timeout, pattern: 034353????, retry
2025-06-19 20:42:07,854 - ERROR - Requests ProxyError, pattern: 034354????, retry
2025-06-19 20:42:13,677 - ERROR - Timeout, pattern: 034354????, retry
2025-06-19 20:42:21,672 - ERROR - Timeout, pattern: 034356????, retry
2025-06-19 20:43:05,545 - ERROR - Timeout, pattern: 034366????, retry
2025-06-19 20:43:10,592 - ERROR - Timeout, pattern: 034366????, retry
2025-06-19 20:43:55,808 - ERROR - Timeout, pattern: 034375????, retry
2025-06-19 20:44:56,683 - ERROR - Timeout, pattern: 034390????, retry
2025-06-19 20:45:20,370 - ERROR - Timeout, pattern: 034394????, retry
2025-06-19 20:45:34,622 - ERROR - Timeout, pattern: 034396????, retry
2025-06-19 20:46:39,742 - ERROR - Requests ProxyError, pattern: 034411????, retry
2025-06-19 20:47:13,686 - ERROR - Timeout, pattern: 034418????, retry
2025-06-19 20:47:40,260 - ERROR - Requests ProxyError, pattern: 034425????, retry
2025-06-19 20:48:05,464 - ERROR - Timeout, pattern: 03443?????, retry
2025-06-19 20:48:16,526 - ERROR - Timeout, pattern: 034430????, retry
2025-06-19 20:48:49,414 - ERROR - Timeout, pattern: 034437????, retry
2025-06-19 20:49:43,367 - ERROR - Timeout, pattern: 034450????, retry
2025-06-19 20:50:22,843 - ERROR - Timeout, pattern: 0344592???, retry
2025-06-19 20:51:03,616 - ERROR - Timeout, pattern: 03446?????, retry
2025-06-19 20:51:10,414 - ERROR - Timeout, pattern: 034460????, retry
2025-06-19 20:51:25,428 - ERROR - Timeout, pattern: 0344602???, retry
2025-06-19 20:51:57,645 - ERROR - Timeout, pattern: 0344609???, retry
2025-06-19 20:52:12,141 - ERROR - Timeout, pattern: 0344612???, retry
2025-06-19 20:52:50,046 - ERROR - Timeout, pattern: 0344630???, retry
2025-06-19 20:52:53,403 - ERROR - Requests ProxyError, pattern: 0344631???, retry
2025-06-19 20:53:10,561 - ERROR - Timeout, pattern: 0344633???, retry
2025-06-19 20:53:16,401 - ERROR - Timeout, pattern: 0344633???, retry
2025-06-19 20:53:55,016 - ERROR - Requests ProxyError, pattern: 0344643???, retry
2025-06-19 20:54:24,221 - ERROR - Requests ProxyError, pattern: 0344653???, retry
2025-06-19 20:54:32,621 - ERROR - Requests ProxyError, pattern: 0344655???, retry
2025-06-19 20:54:49,524 - ERROR - Timeout, pattern: 0344659???, retry
2025-06-19 20:55:15,883 - ERROR - Timeout, pattern: 0344673???, retry
2025-06-19 20:55:37,464 - ERROR - Timeout, pattern: 0344676???, retry
2025-06-19 20:55:41,545 - ERROR - Requests ProxyError, pattern: 0344677???, retry
2025-06-19 20:55:56,527 - ERROR - Timeout, pattern: 034468????, retry
2025-06-19 20:56:11,698 - ERROR - Timeout, pattern: 0344692???, retry
2025-06-19 20:56:21,796 - ERROR - Timeout, pattern: 0344693???, retry
2025-06-19 20:56:43,106 - ERROR - Timeout, pattern: 0344698???, retry
2025-06-19 20:57:38,951 - ERROR - Timeout, pattern: 0344710???, retry
2025-06-19 20:57:57,591 - ERROR - Timeout, pattern: 0344713???, retry
2025-06-19 20:58:03,411 - ERROR - Timeout, pattern: 0344713???, retry
2025-06-19 20:58:18,407 - ERROR - Timeout, pattern: 0344715???, retry
2025-06-19 20:58:24,214 - ERROR - Timeout, pattern: 0344715???, retry
2025-06-19 20:58:51,483 - ERROR - Timeout, pattern: 0344725???, retry
2025-06-19 20:59:05,236 - ERROR - Unknown error: HTTPSConnectionPool(host='apigami.viettel.vn', port=443): Max retries exceeded with url: /mvt-api/myviettel.php/omiSearchSimV2?isdn_type=2&page_type=&page=1&page_size=50&key_search=0344728???&total_record=1&captcha=&sid= (Caused by SSLError(SSLEOFError(8, '[SSL: UNEXPECTED_EOF_WHILE_READING] EOF occurred in violation of protocol (_ssl.c:1006)'))), retry
2025-06-19 20:59:44,367 - ERROR - Timeout, pattern: 034481????, retry
2025-06-19 21:00:29,115 - ERROR - Timeout, pattern: 03450?????, retry
2025-06-19 21:00:56,575 - ERROR - Timeout, pattern: 034505????, retry
2025-06-19 21:02:32,819 - ERROR - Timeout, pattern: 034524????, retry
2025-06-19 21:02:38,654 - ERROR - Timeout, pattern: 034524????, retry
2025-06-19 21:02:39,470 - ERROR - Unknown error: HTTPSConnectionPool(host='apigami.viettel.vn', port=443): Max retries exceeded with url: /mvt-api/myviettel.php/omiSearchSimV2?isdn_type=2&page_type=&page=1&page_size=50&key_search=034524????&total_record=1&captcha=&sid= (Caused by SSLError(SSLEOFError(8, '[SSL: UNEXPECTED_EOF_WHILE_READING] EOF occurred in violation of protocol (_ssl.c:1006)'))), retry
2025-06-19 21:03:28,934 - ERROR - Timeout, pattern: 034537????, retry
2025-06-19 21:03:45,278 - ERROR - Timeout, pattern: 03454?????, retry
2025-06-19 21:03:55,573 - ERROR - Timeout, pattern: 034540????, retry
2025-06-19 21:04:22,053 - ERROR - Timeout, pattern: 034548????, retry
2025-06-19 21:05:14,059 - ERROR - Timeout, pattern: 034558????, retry
2025-06-19 21:08:02,532 - ERROR - Timeout, pattern: 034608????, retry
2025-06-19 21:08:19,616 - ERROR - Timeout, pattern: 034611????, retry
2025-06-19 21:08:55,256 - ERROR - Timeout, pattern: 034619????, retry
2025-06-19 21:09:05,906 - ERROR - Timeout, pattern: 034620????, retry
2025-06-19 21:09:35,251 - ERROR - Requests ProxyError, pattern: 034628????, retry
2025-06-19 21:09:44,979 - ERROR - Requests ProxyError, pattern: 034631????, retry
2025-06-19 21:10:06,019 - ERROR - Requests ProxyError, pattern: 034637????, retry
2025-06-19 21:10:18,514 - ERROR - Timeout, pattern: 034639????, retry
2025-06-19 21:10:42,954 - ERROR - Timeout, pattern: 034644????, retry
2025-06-19 21:11:09,522 - ERROR - Timeout, pattern: 03465?????, retry
2025-06-19 21:11:19,743 - ERROR - Timeout, pattern: 034650????, retry
2025-06-19 21:11:34,498 - ERROR - Timeout, pattern: 034654????, retry
2025-06-19 21:11:40,123 - ERROR - Timeout, pattern: 034655????, retry
2025-06-19 21:11:45,217 - ERROR - Timeout, pattern: 034655????, retry
2025-06-19 21:12:03,026 - ERROR - Timeout, pattern: 034657????, retry
2025-06-19 21:12:36,012 - ERROR - Timeout, pattern: 034666????, retry
2025-06-19 21:14:32,222 - ERROR - Timeout, pattern: 034676????, retry
2025-06-19 21:14:43,318 - ERROR - Timeout, pattern: 034678????, retry
2025-06-19 21:14:53,796 - ERROR - Requests ProxyError, pattern: 034680????, retry
2025-06-19 21:14:53,907 - ERROR - Requests ProxyError, pattern: 034680????, retry
2025-06-19 21:14:59,769 - ERROR - Timeout, pattern: 034680????, retry
2025-06-19 21:15:18,731 - ERROR - Timeout, pattern: 034683????, retry
2025-06-19 21:15:51,168 - ERROR - Timeout, pattern: 034689????, retry
2025-06-19 21:15:56,256 - ERROR - Timeout, pattern: 034689????, retry
2025-06-19 21:16:31,072 - ERROR - Timeout, pattern: 034697????, retry
2025-06-19 21:17:30,774 - ERROR - Timeout, pattern: 034712????, retry
2025-06-19 21:19:08,248 - ERROR - Timeout, pattern: 034736????, retry
2025-06-19 21:19:59,055 - ERROR - Timeout, pattern: 034746????, retry
2025-06-19 21:20:46,380 - ERROR - Timeout, pattern: 0347498???, retry
2025-06-19 21:21:31,466 - ERROR - Timeout, pattern: 03476?????, retry
2025-06-19 21:21:37,321 - ERROR - Timeout, pattern: 03476?????, retry
2025-06-19 21:23:08,888 - ERROR - Timeout, pattern: 034773????, retry
2025-06-19 21:23:17,746 - ERROR - Timeout, pattern: 034774????, retry
2025-06-19 21:23:27,078 - ERROR - Timeout, pattern: 034775????, retry
2025-06-19 21:23:35,956 - ERROR - Timeout, pattern: 034775????, retry
2025-06-19 21:23:51,037 - ERROR - Timeout, pattern: 034778????, retry
2025-06-19 21:24:02,317 - ERROR - Timeout, pattern: 03478?????, retry
2025-06-19 21:24:54,021 - ERROR - Timeout, pattern: 034791????, retry
2025-06-19 21:25:37,326 - ERROR - Timeout, pattern: 034801????, retry
2025-06-19 21:26:16,324 - ERROR - Requests ProxyError, pattern: 034813????, retry
2025-06-19 21:27:12,587 - ERROR - Timeout, pattern: 0348240???, retry
2025-06-19 21:27:52,890 - ERROR - Timeout, pattern: 0348249???, retry
2025-06-19 21:27:58,762 - ERROR - Timeout, pattern: 0348249???, retry
2025-06-19 21:28:11,845 - ERROR - Unknown error: HTTPSConnectionPool(host='apigami.viettel.vn', port=443): Max retries exceeded with url: /mvt-api/myviettel.php/omiSearchSimV2?isdn_type=2&page_type=&page=1&page_size=50&key_search=034826????&total_record=1&captcha=&sid= (Caused by SSLError(SSLEOFError(8, '[SSL: UNEXPECTED_EOF_WHILE_READING] EOF occurred in violation of protocol (_ssl.c:1006)'))), retry
2025-06-19 21:29:03,552 - ERROR - Timeout, pattern: 034841????, retry
2025-06-19 21:29:26,891 - ERROR - Timeout, pattern: 034845????, retry
2025-06-19 21:30:02,680 - ERROR - Timeout, pattern: 034854????, retry
2025-06-19 21:30:18,692 - ERROR - Timeout, pattern: 034858????, retry
2025-06-19 21:30:24,508 - ERROR - Timeout, pattern: 034858????, retry
2025-06-19 21:30:30,996 - ERROR - Requests ProxyError, pattern: 034860????, retry
2025-06-19 21:30:40,940 - ERROR - Timeout, pattern: 034861????, retry
2025-06-19 21:30:41,048 - ERROR - Requests ProxyError, pattern: 034861????, retry
2025-06-19 21:31:42,856 - ERROR - Timeout, pattern: 0348697???, retry
2025-06-19 21:32:51,228 - ERROR - Timeout, pattern: 0348715???, retry
2025-06-19 21:33:40,319 - ERROR - Requests ProxyError, pattern: 034881????, retry
2025-06-19 21:33:50,512 - ERROR - Timeout, pattern: 034881????, retry
2025-06-19 21:33:55,671 - ERROR - Timeout, pattern: 034881????, retry
2025-06-19 21:36:18,271 - ERROR - Timeout, pattern: 03491?????, retry
2025-06-19 21:36:29,009 - ERROR - Timeout, pattern: 034911????, retry
2025-06-19 21:37:02,739 - ERROR - Timeout, pattern: 034918????, retry
2025-06-19 21:37:33,676 - ERROR - Timeout, pattern: 034925????, retry
2025-06-19 21:38:48,791 - ERROR - Timeout, pattern: 034938????, retry
2025-06-19 21:40:16,926 - ERROR - Timeout, pattern: 034961????, retry
2025-06-19 21:40:22,757 - ERROR - Timeout, pattern: 034961????, retry
2025-06-19 21:40:35,155 - ERROR - Timeout, pattern: 034963????, retry
2025-06-19 21:40:35,257 - ERROR - Requests ProxyError, pattern: 034963????, retry
2025-06-19 21:40:51,290 - ERROR - Timeout, pattern: 034966????, retry
2025-06-19 21:41:06,620 - ERROR - Timeout, pattern: 0349662???, retry
2025-06-19 21:42:44,022 - ERROR - Timeout, pattern: 0349695???, retry
2025-06-19 21:43:00,251 - ERROR - Timeout, pattern: 0349699???, retry
2025-06-19 21:43:18,375 - ERROR - Timeout, pattern: 034973????, retry
2025-06-19 21:43:48,697 - ERROR - Timeout, pattern: 034980????, retry
2025-06-19 21:44:36,633 - ERROR - Timeout, pattern: 0349857???, retry
2025-06-19 21:46:10,655 - ERROR - Timeout, pattern: 034997????, retry
2025-06-19 21:46:32,428 - ERROR - Timeout, pattern: 035???????, retry
2025-06-19 21:46:47,867 - ERROR - Timeout, pattern: 0352??????, retry
2025-06-19 21:47:12,301 - ERROR - Timeout, pattern: 035203????, retry
2025-06-19 21:47:17,365 - ERROR - Timeout, pattern: 035203????, retry
2025-06-19 21:47:40,202 - ERROR - Timeout, pattern: 035209????, retry
2025-06-19 21:48:05,841 - ERROR - Timeout, pattern: 035213????, retry
2025-06-19 21:48:37,006 - ERROR - Timeout, pattern: 035219????, retry
2025-06-19 21:48:59,576 - ERROR - Timeout, pattern: 035225????, retry
2025-06-19 21:49:37,788 - ERROR - Timeout, pattern: 035233????, retry
2025-06-19 21:49:43,066 - ERROR - Requests ProxyError, pattern: 035234????, retry
2025-06-19 21:49:48,934 - ERROR - Timeout, pattern: 035234????, retry
2025-06-19 21:49:56,351 - ERROR - Timeout, pattern: 035235????, retry
2025-06-19 21:50:09,403 - ERROR - Timeout, pattern: 035237????, retry
2025-06-19 21:50:59,781 - ERROR - Timeout, pattern: 035246????, retry
2025-06-19 21:51:41,446 - ERROR - Timeout, pattern: 035252????, retry
2025-06-19 21:51:50,853 - ERROR - Requests ProxyError, pattern: 035254????, retry
2025-06-19 21:51:59,322 - ERROR - Timeout, pattern: 035255????, retry
2025-06-19 21:52:04,445 - ERROR - Timeout, pattern: 035255????, retry
2025-06-19 21:52:23,097 - ERROR - Unknown error: HTTPSConnectionPool(host='apigami.viettel.vn', port=443): Max retries exceeded with url: /mvt-api/myviettel.php/omiSearchSimV2?isdn_type=2&page_type=&page=1&page_size=50&key_search=035259????&total_record=1&captcha=&sid= (Caused by SSLError(SSLEOFError(8, '[SSL: UNEXPECTED_EOF_WHILE_READING] EOF occurred in violation of protocol (_ssl.c:1006)'))), retry
2025-06-19 21:53:00,264 - ERROR - Timeout, pattern: 035266????, retry
2025-06-19 21:53:05,360 - ERROR - Requests ProxyError, pattern: 035267????, retry
2025-06-19 21:53:21,618 - ERROR - Timeout, pattern: 03527?????, retry
2025-06-19 21:53:42,505 - ERROR - Unknown error: HTTPSConnectionPool(host='apigami.viettel.vn', port=443): Max retries exceeded with url: /mvt-api/myviettel.php/omiSearchSimV2?isdn_type=2&page_type=&page=1&page_size=50&key_search=0352703???&total_record=1&captcha=&sid= (Caused by SSLError(SSLEOFError(8, '[SSL: UNEXPECTED_EOF_WHILE_READING] EOF occurred in violation of protocol (_ssl.c:1006)'))), retry
2025-06-19 21:53:51,309 - ERROR - Timeout, pattern: 0352704???, retry
2025-06-19 21:54:15,772 - ERROR - Timeout, pattern: 0352708???, retry
2025-06-19 21:54:29,236 - ERROR - Timeout, pattern: 035271????, retry
2025-06-19 21:54:46,675 - ERROR - Timeout, pattern: 0352712???, retry
2025-06-19 21:55:28,417 - ERROR - Timeout, pattern: 035274????, retry
2025-06-19 21:56:39,334 - ERROR - Timeout, pattern: 035290????, retry
2025-06-19 21:56:45,146 - ERROR - Timeout, pattern: 035290????, retry
2025-06-19 21:57:05,133 - ERROR - Timeout, pattern: 035293????, retry
2025-06-19 21:57:42,630 - ERROR - Timeout, pattern: 035300????, retry
2025-06-19 21:57:55,989 - ERROR - Timeout, pattern: 035302????, retry
2025-06-19 21:58:30,408 - ERROR - Timeout, pattern: 035309????, retry
2025-06-19 21:59:02,861 - ERROR - Timeout, pattern: 035316????, retry
2025-06-19 21:59:33,299 - ERROR - Requests ProxyError, pattern: 035322????, retry
2025-06-19 21:59:39,133 - ERROR - Timeout, pattern: 035322????, retry
2025-06-19 21:59:44,227 - ERROR - Timeout, pattern: 035322????, retry
2025-06-19 21:59:53,442 - ERROR - Timeout, pattern: 035323????, retry
2025-06-19 22:00:37,549 - ERROR - Timeout, pattern: 035334????, retry
2025-06-19 22:00:44,438 - ERROR - Timeout, pattern: 035335????, retry
2025-06-19 22:02:05,461 - ERROR - Unknown error: HTTPSConnectionPool(host='apigami.viettel.vn', port=443): Max retries exceeded with url: /mvt-api/myviettel.php/omiSearchSimV2?isdn_type=2&page_type=&page=1&page_size=50&key_search=035367????&total_record=1&captcha=&sid= (Caused by SSLError(SSLEOFError(8, '[SSL: UNEXPECTED_EOF_WHILE_READING] EOF occurred in violation of protocol (_ssl.c:1006)'))), retry
2025-06-19 22:02:06,137 - ERROR - Requests ProxyError, pattern: 035368????, retry
2025-06-19 22:02:11,251 - ERROR - Timeout, pattern: 035368????, retry
2025-06-19 22:02:34,718 - ERROR - Timeout, pattern: 035372????, retry
2025-06-19 22:03:10,142 - ERROR - Timeout, pattern: 035379????, retry
2025-06-19 22:03:13,248 - ERROR - Requests ProxyError, pattern: 03538?????, retry
2025-06-19 22:04:31,752 - ERROR - Timeout, pattern: 035400????, retry
2025-06-19 22:05:53,553 - ERROR - Timeout, pattern: 035420????, retry
2025-06-19 22:05:53,660 - ERROR - Requests ProxyError, pattern: 035420????, retry
2025-06-19 22:06:36,890 - ERROR - Timeout, pattern: 035429????, retry
2025-06-19 22:06:48,732 - ERROR - Timeout, pattern: 03543?????, retry
2025-06-19 22:06:57,647 - ERROR - Timeout, pattern: 03543?????, retry
2025-06-19 22:07:04,394 - ERROR - Timeout, pattern: 035430????, retry
2025-06-19 22:08:51,794 - ERROR - Requests ProxyError, pattern: 035460????, retry
2025-06-19 22:09:51,658 - ERROR - Unknown error: HTTPSConnectionPool(host='apigami.viettel.vn', port=443): Max retries exceeded with url: /mvt-api/myviettel.php/omiSearchSimV2?isdn_type=2&page_type=&page=1&page_size=50&key_search=035476????&total_record=1&captcha=&sid= (Caused by SSLError(SSLEOFError(8, '[SSL: UNEXPECTED_EOF_WHILE_READING] EOF occurred in violation of protocol (_ssl.c:1006)'))), retry
2025-06-19 22:10:15,339 - ERROR - Timeout, pattern: 035480????, retry
2025-06-19 22:10:34,952 - ERROR - Timeout, pattern: 035484????, retry
2025-06-19 22:10:48,063 - ERROR - Timeout, pattern: 035486????, retry
2025-06-19 22:11:31,513 - ERROR - Timeout, pattern: 035496????, retry
2025-06-19 22:12:40,041 - ERROR - Timeout, pattern: 035510????, retry
2025-06-19 22:12:49,097 - ERROR - Timeout, pattern: 035511????, retry
2025-06-19 22:13:14,978 - ERROR - Timeout, pattern: 035517????, retry
2025-06-19 22:13:18,537 - ERROR - Unknown error: HTTPSConnectionPool(host='apigami.viettel.vn', port=443): Max retries exceeded with url: /mvt-api/myviettel.php/omiSearchSimV2?isdn_type=2&page_type=&page=1&page_size=50&key_search=035518????&total_record=1&captcha=&sid= (Caused by SSLError(SSLEOFError(8, '[SSL: UNEXPECTED_EOF_WHILE_READING] EOF occurred in violation of protocol (_ssl.c:1006)'))), retry
2025-06-19 22:13:19,173 - ERROR - Requests ProxyError, pattern: 035519????, retry
2025-06-19 22:13:22,804 - ERROR - Requests ProxyError, pattern: 03552?????, retry
2025-06-19 22:13:34,237 - ERROR - Timeout, pattern: 035520????, retry
2025-06-19 22:15:31,356 - ERROR - Timeout, pattern: 035560????, retry
2025-06-19 22:15:39,752 - ERROR - Timeout, pattern: 035561????, retry
2025-06-19 22:15:49,184 - ERROR - Timeout, pattern: 035561????, retry
2025-06-19 22:15:49,289 - ERROR - Requests ProxyError, pattern: 035561????, retry
2025-06-19 22:16:12,292 - ERROR - Timeout, pattern: 035566????, retry
2025-06-19 22:16:46,869 - ERROR - Timeout, pattern: 035572????, retry
2025-06-19 22:16:53,748 - ERROR - Timeout, pattern: 035572????, retry
2025-06-19 22:16:56,520 - ERROR - Requests ProxyError, pattern: 035574????, retry
2025-06-19 22:17:07,715 - ERROR - Timeout, pattern: 035575????, retry
2025-06-19 22:17:31,437 - ERROR - L\u1ed7i khi truy v\u1ea5n pattern 035583????: {'errorCode': 3, 'message': 'Xin l\u1ed7i! Quý khách vui lòng ch\u1ecdn s\u1ed1 khác, s\u1ed1 \u0111i\u1ec7n tho\u1ea1i này \u0111ã có ng\u01b0\u1eddi s\u1eed d\u1ee5ng ho\u1eb7c \u0111\u1eb7t mua ho\u1eb7c không t\u1ed3n t\u1ea1i.', 'data': [], 'totalItems': 0, 'request_captcha': 0}, retry
2025-06-19 22:18:24,304 - ERROR - Unknown error: HTTPSConnectionPool(host='apigami.viettel.vn', port=443): Max retries exceeded with url: /mvt-api/myviettel.php/omiSearchSimV2?isdn_type=2&page_type=&page=1&page_size=50&key_search=0355933???&total_record=1&captcha=&sid= (Caused by SSLError(SSLEOFError(8, '[SSL: UNEXPECTED_EOF_WHILE_READING] EOF occurred in violation of protocol (_ssl.c:1006)'))), retry
2025-06-19 22:18:29,376 - ERROR - Timeout, pattern: 0355933???, retry
2025-06-19 22:19:57,381 - ERROR - Timeout, pattern: 0355965???, retry
2025-06-19 22:20:30,752 - ERROR - Timeout, pattern: 035599????, retry
2025-06-19 22:20:40,265 - ERROR - Timeout, pattern: 0356??????, retry
2025-06-19 22:20:56,398 - ERROR - Timeout, pattern: 035601????, retry
2025-06-19 22:21:15,871 - ERROR - Requests ProxyError, pattern: 035606????, retry
2025-06-19 22:21:49,714 - ERROR - Timeout, pattern: 035615????, retry
2025-06-19 22:21:57,003 - ERROR - Requests ProxyError, pattern: 035618????, retry
2025-06-19 22:22:22,468 - ERROR - Timeout, pattern: 035622????, retry
2025-06-19 22:22:37,454 - ERROR - Timeout, pattern: 035625????, retry
2025-06-19 22:22:47,688 - ERROR - Timeout, pattern: 035628????, retry
2025-06-19 22:23:31,302 - ERROR - Timeout, pattern: 035637????, retry
2025-06-19 22:24:00,313 - ERROR - Timeout, pattern: 035643????, retry
2025-06-19 22:24:28,622 - ERROR - Timeout, pattern: 03565?????, retry
2025-06-19 22:25:25,277 - ERROR - Timeout, pattern: 035664????, retry
2025-06-19 22:25:49,095 - ERROR - Timeout, pattern: 035669????, retry
2025-06-19 22:26:10,187 - ERROR - Requests ProxyError, pattern: 035673????, retry
2025-06-19 22:26:27,656 - ERROR - Timeout, pattern: 035677????, retry
2025-06-19 22:26:34,549 - ERROR - Timeout, pattern: 035677????, retry
2025-06-19 22:27:57,179 - ERROR - Timeout, pattern: 035696????, retry
2025-06-19 22:28:48,364 - ERROR - Timeout, pattern: 035707????, retry
2025-06-19 22:29:01,790 - ERROR - Requests ProxyError, pattern: 035711????, retry
2025-06-19 22:29:45,571 - ERROR - Timeout, pattern: 035721????, retry
2025-06-19 22:29:51,393 - ERROR - Timeout, pattern: 035721????, retry
2025-06-19 22:29:51,498 - ERROR - Requests ProxyError, pattern: 035721????, retry
2025-06-19 22:30:07,429 - ERROR - Timeout, pattern: 035723????, retry
2025-06-19 22:30:16,918 - ERROR - Timeout, pattern: 035724????, retry
2025-06-19 22:31:26,065 - ERROR - Requests ProxyError, pattern: 035743????, retry
2025-06-19 22:31:56,304 - ERROR - Timeout, pattern: 0357490???, retry
2025-06-19 22:32:22,347 - ERROR - Timeout, pattern: 0357497???, retry
2025-06-19 22:33:00,535 - ERROR - Timeout, pattern: 035756????, retry
2025-06-19 22:33:14,474 - ERROR - Unknown error: HTTPSConnectionPool(host='apigami.viettel.vn', port=443): Max retries exceeded with url: /mvt-api/myviettel.php/omiSearchSimV2?isdn_type=2&page_type=&page=1&page_size=50&key_search=035759????&total_record=1&captcha=&sid= (Caused by SSLError(SSLEOFError(8, '[SSL: UNEXPECTED_EOF_WHILE_READING] EOF occurred in violation of protocol (_ssl.c:1006)'))), retry
2025-06-19 22:33:33,614 - ERROR - Requests ProxyError, pattern: 035763????, retry
2025-06-19 22:33:44,698 - ERROR - Timeout, pattern: 035766????, retry
2025-06-19 22:33:58,184 - ERROR - Timeout, pattern: 035768????, retry
2025-06-19 22:34:17,023 - ERROR - Timeout, pattern: 035771????, retry
2025-06-19 22:35:09,583 - ERROR - Timeout, pattern: 035783????, retry
2025-06-19 22:35:29,245 - ERROR - Timeout, pattern: 035786????, retry
2025-06-19 22:35:36,185 - ERROR - Timeout, pattern: 035788????, retry
2025-06-19 22:35:39,834 - ERROR - Requests ProxyError, pattern: 035789????, retry
2025-06-19 22:35:49,341 - ERROR - Timeout, pattern: 03579?????, retry
2025-06-19 22:36:23,420 - ERROR - Timeout, pattern: 035797????, retry
2025-06-19 22:36:56,606 - ERROR - Timeout, pattern: 035801????, retry
2025-06-19 22:36:56,687 - ERROR - Requests ProxyError, pattern: 035801????, retry
2025-06-19 22:37:28,902 - ERROR - Timeout, pattern: 03581?????, retry
2025-06-19 22:37:40,761 - ERROR - Timeout, pattern: 035811????, retry
2025-06-19 22:38:01,959 - ERROR - Timeout, pattern: 035816????, retry
2025-06-19 22:38:50,597 - ERROR - Requests ProxyError, pattern: 035827????, retry
2025-06-19 22:39:10,649 - ERROR - Timeout, pattern: 035831????, retry
2025-06-19 22:40:15,706 - ERROR - Timeout, pattern: 035865????, retry
2025-06-19 22:40:29,688 - ERROR - Timeout, pattern: 035867????, retry
2025-06-19 22:40:29,796 - ERROR - Requests ProxyError, pattern: 035867????, retry
2025-06-19 22:41:50,864 - ERROR - Timeout, pattern: 035897????, retry
2025-06-19 22:42:14,920 - ERROR - Requests ProxyError, pattern: 035933????, retry
2025-06-19 22:42:52,990 - ERROR - Timeout, pattern: 035941????, retry
2025-06-19 22:43:04,133 - ERROR - Unknown error: HTTPSConnectionPool(host='apigami.viettel.vn', port=443): Max retries exceeded with url: /mvt-api/myviettel.php/omiSearchSimV2?isdn_type=2&page_type=&page=1&page_size=50&key_search=035944????&total_record=1&captcha=&sid= (Caused by SSLError(SSLEOFError(8, '[SSL: UNEXPECTED_EOF_WHILE_READING] EOF occurred in violation of protocol (_ssl.c:1006)'))), retry
2025-06-19 22:44:11,919 - ERROR - Timeout, pattern: 0359547???, retry
2025-06-19 22:44:49,872 - ERROR - Timeout, pattern: 03596?????, retry
2025-06-19 22:45:01,640 - ERROR - Timeout, pattern: 035961????, retry
2025-06-19 22:45:05,450 - ERROR - Requests ProxyError, pattern: 035962????, retry
2025-06-19 22:45:39,687 - ERROR - Requests ProxyError, pattern: 03597?????, retry
2025-06-19 22:46:34,436 - ERROR - Timeout, pattern: 0359819???, retry
2025-06-19 22:46:59,809 - ERROR - Timeout, pattern: 0359823???, retry
2025-06-19 22:47:25,166 - ERROR - Timeout, pattern: 0359827???, retry
2025-06-19 22:48:29,654 - ERROR - Requests ProxyError, pattern: 0359843???, retry
2025-06-19 22:48:35,523 - ERROR - Timeout, pattern: 0359843???, retry
2025-06-19 22:48:55,566 - ERROR - Timeout, pattern: 0359848???, retry
2025-06-19 22:49:35,060 - ERROR - Timeout, pattern: 0359858???, retry
2025-06-19 22:50:25,979 - ERROR - Timeout, pattern: 0359868???, retry
2025-06-19 22:50:45,968 - ERROR - Timeout, pattern: 0359870???, retry
2025-06-19 22:50:56,688 - ERROR - Timeout, pattern: 0359872???, retry
2025-06-19 22:52:28,191 - ERROR - Timeout, pattern: 0359898???, retry
2025-06-19 22:53:49,203 - ERROR - Timeout, pattern: 0362003???, retry
2025-06-19 22:53:54,310 - ERROR - Timeout, pattern: 0362003???, retry
2025-06-19 22:55:06,603 - ERROR - Timeout, pattern: 03621?????, retry
2025-06-19 22:56:21,179 - ERROR - Timeout, pattern: 03622?????, retry
2025-06-19 22:56:51,542 - ERROR - Timeout, pattern: 036224????, retry
2025-06-19 22:57:01,614 - ERROR - Timeout, pattern: 036225????, retry
2025-06-19 22:57:38,286 - ERROR - Timeout, pattern: 036231????, retry
2025-06-19 22:58:09,162 - ERROR - Requests ProxyError, pattern: 036239????, retry
2025-06-19 22:58:14,237 - ERROR - Timeout, pattern: 036239????, retry
2025-06-19 22:58:29,547 - ERROR - Timeout, pattern: 036241????, retry
2025-06-19 22:58:40,092 - ERROR - Timeout, pattern: 036244????, retry
2025-06-19 22:59:16,888 - ERROR - Timeout, pattern: 036251????, retry
2025-06-19 23:00:50,991 - ERROR - Timeout, pattern: 036275????, retry
2025-06-19 23:01:58,472 - ERROR - Unknown error: HTTPSConnectionPool(host='apigami.viettel.vn', port=443): Max retries exceeded with url: /mvt-api/myviettel.php/omiSearchSimV2?isdn_type=2&page_type=&page=1&page_size=50&key_search=036293????&total_record=1&captcha=&sid= (Caused by SSLError(SSLWantReadError(2, 'The operation did not complete (read) (_ssl.c:1006)'))), retry
2025-06-19 23:02:08,061 - ERROR - Timeout, pattern: 036294????, retry
2025-06-19 23:02:19,671 - ERROR - Timeout, pattern: 036296????, retry
2025-06-19 23:02:33,045 - ERROR - Requests ProxyError, pattern: 036299????, retry
2025-06-19 23:03:16,679 - ERROR - Timeout, pattern: 036308????, retry
2025-06-19 23:03:16,790 - ERROR - Requests ProxyError, pattern: 036308????, retry
2025-06-19 23:03:36,032 - ERROR - Timeout, pattern: 036311????, retry
2025-06-19 23:03:50,159 - ERROR - Timeout, pattern: 036313????, retry
2025-06-19 23:04:30,022 - ERROR - Timeout, pattern: 036323????, retry
2025-06-19 23:04:45,275 - ERROR - Timeout, pattern: 036328????, retry
2025-06-19 23:04:51,127 - ERROR - Timeout, pattern: 036328????, retry
2025-06-19 23:04:51,233 - ERROR - Requests ProxyError, pattern: 036328????, retry
2025-06-19 23:05:13,449 - ERROR - Timeout, pattern: 036335????, retry
2025-06-19 23:05:26,133 - ERROR - Requests ProxyError, pattern: 036338????, retry
2025-06-19 23:05:57,731 - ERROR - Timeout, pattern: 036348????, retry
2025-06-19 23:07:30,908 - ERROR - Timeout, pattern: 0363548???, retry
2025-06-19 23:08:05,085 - ERROR - Timeout, pattern: 036361????, retry
2025-06-19 23:08:05,190 - ERROR - Requests ProxyError, pattern: 036361????, retry
2025-06-19 23:08:59,096 - ERROR - Timeout, pattern: 036400????, retry
2025-06-19 23:09:14,009 - ERROR - Timeout, pattern: 036403????, retry
2025-06-19 23:10:06,806 - ERROR - Timeout, pattern: 036414????, retry
2025-06-19 23:10:46,800 - ERROR - Timeout, pattern: 036422????, retry
2025-06-19 23:11:04,193 - ERROR - Timeout, pattern: 036424????, retry
2025-06-19 23:11:29,886 - ERROR - Timeout, pattern: 036429????, retry
2025-06-19 23:11:48,178 - ERROR - Requests ProxyError, pattern: 036434????, retry
2025-06-19 23:12:54,547 - ERROR - Timeout, pattern: 036451????, retry
2025-06-19 23:13:07,796 - ERROR - Timeout, pattern: 036453????, retry
2025-06-19 23:13:19,314 - ERROR - Timeout, pattern: 036454????, retry
2025-06-19 23:15:02,036 - ERROR - Requests ProxyError, pattern: 03648?????, retry
2025-06-19 23:15:05,104 - ERROR - Requests ProxyError, pattern: 03648?????, retry
2025-06-19 23:16:49,020 - ERROR - Timeout, pattern: 0364994???, retry
2025-06-19 23:16:59,411 - ERROR - Timeout, pattern: 0364994???, retry
2025-06-19 23:19:19,777 - ERROR - Timeout, pattern: 0365026???, retry
2025-06-19 23:19:26,366 - ERROR - Timeout, pattern: 0365027???, retry
2025-06-19 23:20:01,289 - ERROR - Timeout, pattern: 0365043???, retry
2025-06-19 23:20:49,420 - ERROR - Requests ProxyError, pattern: 0365054???, retry
2025-06-19 23:21:02,859 - ERROR - Requests ProxyError, pattern: 0365062???, retry
2025-06-19 23:22:01,199 - ERROR - Timeout, pattern: 0365078???, retry
2025-06-19 23:22:21,371 - ERROR - Timeout, pattern: 0365083???, retry
2025-06-19 23:22:35,297 - ERROR - Timeout, pattern: 0365087???, retry
2025-06-19 23:22:55,944 - ERROR - Timeout, pattern: 0365091???, retry
2025-06-19 23:23:29,905 - ERROR - Timeout, pattern: 0365097???, retry
2025-06-19 23:23:45,757 - ERROR - Timeout, pattern: 03651?????, retry
2025-06-19 23:23:58,574 - ERROR - Timeout, pattern: 0365100???, retry
2025-06-19 23:24:04,462 - ERROR - Timeout, pattern: 0365100???, retry
2025-06-19 23:25:12,053 - ERROR - Timeout, pattern: 0365117???, retry
2025-06-19 23:26:13,725 - ERROR - Timeout, pattern: 0365134???, retry
2025-06-19 23:26:27,291 - ERROR - Timeout, pattern: 0365136???, retry
2025-06-19 23:27:12,139 - ERROR - Timeout, pattern: 0365147???, retry
2025-06-19 23:27:20,352 - ERROR - Requests ProxyError, pattern: 0365149???, retry
2025-06-19 23:27:59,988 - ERROR - Timeout, pattern: 0365157???, retry
2025-06-19 23:28:37,155 - ERROR - Timeout, pattern: 0365165???, retry
2025-06-19 23:28:47,177 - ERROR - Timeout, pattern: 0365166???, retry
2025-06-19 23:29:13,497 - ERROR - Timeout, pattern: 0365171???, retry
2025-06-19 23:29:41,106 - ERROR - Timeout, pattern: 0365178???, retry
2025-06-19 23:30:19,696 - ERROR - Timeout, pattern: 0365190???, retry
2025-06-19 23:30:45,887 - ERROR - Timeout, pattern: 0365196???, retry
2025-06-19 23:30:51,700 - ERROR - Timeout, pattern: 0365196???, retry
2025-06-19 23:30:57,521 - ERROR - Timeout, pattern: 0365196???, retry
2025-06-19 23:31:53,721 - ERROR - Timeout, pattern: 036521????, retry
2025-06-19 23:32:17,841 - ERROR - Requests ProxyError, pattern: 0365217???, retry
2025-06-19 23:32:27,333 - ERROR - Timeout, pattern: 0365218???, retry
2025-06-19 23:33:20,354 - ERROR - Timeout, pattern: 0365231???, retry
2025-06-19 23:33:26,728 - ERROR - Timeout, pattern: 0365232???, retry
2025-06-19 23:33:42,617 - ERROR - Timeout, pattern: 0365236???, retry
2025-06-19 23:34:11,952 - ERROR - Timeout, pattern: 0365241???, retry
2025-06-19 23:34:17,803 - ERROR - Timeout, pattern: 0365241???, retry
2025-06-19 23:34:26,860 - ERROR - Timeout, pattern: 0365242???, retry
2025-06-19 23:35:01,437 - ERROR - Timeout, pattern: 0365261???, retry
2025-06-19 23:35:40,078 - ERROR - Timeout, pattern: 036528????, retry
2025-06-19 23:35:53,173 - ERROR - Requests ProxyError, pattern: 036530????, retry
2025-06-19 23:35:58,987 - ERROR - Timeout, pattern: 036530????, retry
2025-06-19 23:36:07,133 - ERROR - Timeout, pattern: 036531????, retry
2025-06-19 23:36:18,194 - ERROR - Timeout, pattern: 036533????, retry
2025-06-19 23:36:33,822 - ERROR - Timeout, pattern: 036535????, retry
2025-06-19 23:36:43,071 - ERROR - Timeout, pattern: 036536????, retry
2025-06-19 23:36:48,184 - ERROR - Timeout, pattern: 036536????, retry
2025-06-19 23:37:20,872 - ERROR - Timeout, pattern: 036544????, retry
2025-06-19 23:37:30,937 - ERROR - Timeout, pattern: 036545????, retry
2025-06-19 23:38:00,940 - ERROR - Timeout, pattern: 0365454???, retry
2025-06-19 23:38:24,100 - ERROR - Timeout, pattern: 0365459???, retry
2025-06-19 23:38:33,506 - ERROR - Timeout, pattern: 0365460???, retry
2025-06-19 23:39:17,569 - ERROR - Timeout, pattern: 0365470???, retry
2025-06-19 23:39:28,971 - ERROR - Timeout, pattern: 0365472???, retry
2025-06-19 23:40:51,668 - ERROR - Timeout, pattern: 0365494???, retry
2025-06-19 23:41:11,224 - ERROR - Timeout, pattern: 0365497???, retry
2025-06-19 23:41:26,399 - ERROR - Timeout, pattern: 03655?????, retry
2025-06-19 23:41:40,871 - ERROR - Timeout, pattern: 0365501???, retry
2025-06-19 23:41:58,440 - ERROR - Timeout, pattern: 0365505???, retry
2025-06-19 23:42:28,210 - ERROR - Timeout, pattern: 0365512???, retry
2025-06-19 23:42:52,399 - ERROR - Timeout, pattern: 0365519???, retry
2025-06-19 23:43:10,595 - ERROR - Timeout, pattern: 0365522???, retry
2025-06-19 23:43:36,642 - ERROR - Requests ProxyError, pattern: 036555????, retry
2025-06-19 23:45:12,743 - ERROR - Timeout, pattern: 0365644???, retry
2025-06-19 23:45:37,510 - ERROR - Timeout, pattern: 036566????, retry
2025-06-19 23:46:07,073 - ERROR - Timeout, pattern: 036573????, retry
2025-06-19 23:46:29,949 - ERROR - Timeout, pattern: 036577????, retry
2025-06-19 23:46:38,818 - ERROR - Timeout, pattern: 036578????, retry
2025-06-19 23:47:17,427 - ERROR - Timeout, pattern: 036588????, retry
2025-06-19 23:48:41,678 - ERROR - Unknown error: HTTPSConnectionPool(host='apigami.viettel.vn', port=443): Max retries exceeded with url: /mvt-api/myviettel.php/omiSearchSimV2?isdn_type=2&page_type=&page=1&page_size=50&key_search=0365982???&total_record=1&captcha=&sid= (Caused by SSLError(SSLEOFError(8, '[SSL: UNEXPECTED_EOF_WHILE_READING] EOF occurred in violation of protocol (_ssl.c:1006)'))), retry
2025-06-19 23:48:54,137 - ERROR - Timeout, pattern: 0365983???, retry
2025-06-19 23:51:05,441 - ERROR - Timeout, pattern: 03661?????, retry
2025-06-19 23:51:34,190 - ERROR - Timeout, pattern: 036618????, retry
2025-06-19 23:51:39,502 - ERROR - Requests ProxyError, pattern: 03662?????, retry
2025-06-19 23:51:39,614 - ERROR - Requests ProxyError, pattern: 03662?????, retry
2025-06-19 23:51:45,433 - ERROR - Timeout, pattern: 03662?????, retry
2025-06-19 23:51:57,147 - ERROR - Timeout, pattern: 036621????, retry
2025-06-19 23:52:30,043 - ERROR - Timeout, pattern: 0366217???, retry
2025-06-19 23:53:17,002 - ERROR - Timeout, pattern: 0366244???, retry
2025-06-19 23:54:05,071 - ERROR - Requests ProxyError, pattern: 0366258???, retry
2025-06-19 23:54:34,607 - ERROR - Timeout, pattern: 0366281???, retry
2025-06-19 23:54:58,188 - ERROR - Timeout, pattern: 0366286???, retry
2025-06-19 23:55:26,016 - ERROR - Requests ProxyError, pattern: 0366291???, retry
2025-06-19 23:55:28,108 - ERROR - Requests ProxyError, pattern: 0366292???, retry
2025-06-19 23:56:10,893 - ERROR - Requests ProxyError, pattern: 0366305???, retry
2025-06-19 23:56:36,951 - ERROR - Timeout, pattern: 0366310???, retry
2025-06-19 23:56:51,908 - ERROR - Timeout, pattern: 0366313???, retry
2025-06-19 23:57:33,409 - ERROR - Timeout, pattern: 0366321???, retry
2025-06-19 23:58:46,457 - ERROR - Timeout, pattern: 0366338???, retry
2025-06-19 23:58:56,591 - ERROR - Timeout, pattern: 0366339???, retry
2025-06-20 00:00:02,683 - ERROR - Unknown error: HTTPSConnectionPool(host='apigami.viettel.vn', port=443): Max retries exceeded with url: /mvt-api/myviettel.php/omiSearchSimV2?isdn_type=2&page_type=&page=1&page_size=50&key_search=0366352???&total_record=1&captcha=&sid= (Caused by SSLError(SSLEOFError(8, '[SSL: UNEXPECTED_EOF_WHILE_READING] EOF occurred in violation of protocol (_ssl.c:1006)'))), retry
2025-06-20 00:00:24,936 - ERROR - Timeout, pattern: 0366359???, retry
2025-06-20 00:01:09,465 - ERROR - Timeout, pattern: 0366368???, retry
2025-06-20 00:01:32,726 - ERROR - Unknown error: HTTPSConnectionPool(host='apigami.viettel.vn', port=443): Max retries exceeded with url: /mvt-api/myviettel.php/omiSearchSimV2?isdn_type=2&page_type=&page=1&page_size=50&key_search=0366373???&total_record=1&captcha=&sid= (Caused by SSLError(SSLEOFError(8, '[SSL: UNEXPECTED_EOF_WHILE_READING] EOF occurred in violation of protocol (_ssl.c:1006)'))), retry
2025-06-20 00:02:25,105 - ERROR - Timeout, pattern: 0366387???, retry
2025-06-20 00:03:10,740 - ERROR - Timeout, pattern: 0366394???, retry
2025-06-20 00:03:31,816 - ERROR - Timeout, pattern: 03664?????, retry
2025-06-20 00:03:49,459 - ERROR - Timeout, pattern: 036642????, retry
2025-06-20 00:04:35,210 - ERROR - Requests ProxyError, pattern: 036652????, retry
2025-06-20 00:05:08,258 - ERROR - Timeout, pattern: 036659????, retry
2025-06-20 00:05:13,555 - ERROR - Requests ProxyError, pattern: 036660????, retry
2025-06-20 00:05:19,711 - ERROR - Requests ProxyError, pattern: 036663????, retry
2025-06-20 00:05:32,495 - ERROR - Requests ProxyError, pattern: 036666????, retry
2025-06-20 00:06:02,486 - ERROR - Timeout, pattern: 036673????, retry
2025-06-20 00:06:41,429 - ERROR - Timeout, pattern: 036682????, retry
2025-06-20 00:07:52,470 - ERROR - Timeout, pattern: 03670?????, retry
2025-06-20 00:08:43,031 - ERROR - Timeout, pattern: 0367056???, retry
2025-06-20 00:08:53,389 - ERROR - Timeout, pattern: 0367059???, retry
2025-06-20 00:09:24,375 - ERROR - Requests ProxyError, pattern: 0367066???, retry
2025-06-20 00:10:00,119 - ERROR - Timeout, pattern: 036710????, retry
2025-06-20 00:10:05,987 - ERROR - Timeout, pattern: 036710????, retry
2025-06-20 00:10:34,004 - ERROR - Timeout, pattern: 036716????, retry
2025-06-20 00:11:17,740 - ERROR - Timeout, pattern: 0367204???, retry
2025-06-20 00:11:30,169 - ERROR - Timeout, pattern: 0367205???, retry
2025-06-20 00:12:54,179 - ERROR - Timeout, pattern: 0367253???, retry
2025-06-20 00:13:12,056 - ERROR - Timeout, pattern: 0367256???, retry
2025-06-20 00:13:45,825 - ERROR - Timeout, pattern: 036731????, retry
2025-06-20 00:14:11,120 - ERROR - Timeout, pattern: 036738????, retry
2025-06-20 00:14:18,998 - ERROR - Timeout, pattern: 0367380???, retry
2025-06-20 00:14:35,115 - ERROR - Timeout, pattern: 0367382???, retry
2025-06-20 00:14:41,530 - ERROR - Timeout, pattern: 0367383???, retry
2025-06-20 00:14:47,383 - ERROR - Timeout, pattern: 0367383???, retry
2025-06-20 00:14:58,051 - ERROR - Timeout, pattern: 0367383???, retry
2025-06-20 00:15:07,298 - ERROR - Timeout, pattern: 0367384???, retry
2025-06-20 00:15:07,408 - ERROR - Requests ProxyError, pattern: 0367384???, retry
2025-06-20 00:15:20,385 - ERROR - Timeout, pattern: 0367386???, retry
2025-06-20 00:15:27,323 - ERROR - Requests ProxyError, pattern: 0367388???, retry
2025-06-20 00:15:39,319 - ERROR - Timeout, pattern: 0367389???, retry
2025-06-20 00:15:50,588 - ERROR - Timeout, pattern: 036739????, retry
2025-06-20 00:16:02,325 - ERROR - Timeout, pattern: 03674?????, retry
2025-06-20 00:16:12,684 - ERROR - Timeout, pattern: 036740????, retry
2025-06-20 00:16:18,485 - ERROR - Timeout, pattern: 036740????, retry
2025-06-20 00:16:28,550 - ERROR - Timeout, pattern: 0367400???, retry
2025-06-20 00:16:44,184 - ERROR - Unknown error: HTTPSConnectionPool(host='apigami.viettel.vn', port=443): Max retries exceeded with url: /mvt-api/myviettel.php/omiSearchSimV2?isdn_type=2&page_type=&page=1&page_size=50&key_search=0367404???&total_record=1&captcha=&sid= (Caused by SSLError(SSLEOFError(8, '[SSL: UNEXPECTED_EOF_WHILE_READING] EOF occurred in violation of protocol (_ssl.c:1006)'))), retry
2025-06-20 00:16:57,359 - ERROR - Requests ProxyError, pattern: 0367409???, retry
2025-06-20 00:17:07,719 - ERROR - Timeout, pattern: 036741????, retry
2025-06-20 00:17:41,826 - ERROR - Timeout, pattern: 0367417???, retry
2025-06-20 00:18:20,705 - ERROR - Requests ProxyError, pattern: 0367429???, retry
2025-06-20 00:19:08,694 - ERROR - Timeout, pattern: 0367442???, retry
2025-06-20 00:19:08,780 - ERROR - Requests ProxyError, pattern: 0367442???, retry
2025-06-20 00:19:27,903 - ERROR - Timeout, pattern: 0367445???, retry
2025-06-20 00:21:38,519 - ERROR - Timeout, pattern: 0367485???, retry
2025-06-20 00:21:49,323 - ERROR - Timeout, pattern: 0367488???, retry
2025-06-20 00:22:21,775 - ERROR - Timeout, pattern: 036753????, retry
2025-06-20 00:22:30,120 - ERROR - Timeout, pattern: 0367530???, retry
2025-06-20 00:22:36,981 - ERROR - Timeout, pattern: 0367530???, retry
2025-06-20 00:22:45,869 - ERROR - Timeout, pattern: 0367530???, retry
2025-06-20 00:23:11,853 - ERROR - Timeout, pattern: 0367536???, retry
2025-06-20 00:24:29,431 - ERROR - Timeout, pattern: 0367562???, retry
2025-06-20 00:24:35,286 - ERROR - Timeout, pattern: 0367562???, retry
2025-06-20 00:24:50,553 - ERROR - Timeout, pattern: 0367565???, retry
2025-06-20 00:25:06,535 - ERROR - Timeout, pattern: 0367567???, retry
2025-06-20 00:25:16,929 - ERROR - Timeout, pattern: 0367569???, retry
2025-06-20 00:25:38,328 - ERROR - Timeout, pattern: 0367590???, retry
2025-06-20 00:25:38,413 - ERROR - Requests ProxyError, pattern: 0367590???, retry
2025-06-20 00:25:55,454 - ERROR - Timeout, pattern: 0367593???, retry
2025-06-20 00:26:05,715 - ERROR - Timeout, pattern: 0367595???, retry
2025-06-20 00:27:06,602 - ERROR - Timeout, pattern: 0367609???, retry
2025-06-20 00:27:16,258 - ERROR - Timeout, pattern: 036761????, retry
2025-06-20 00:28:15,774 - ERROR - Timeout, pattern: 036773????, retry
2025-06-20 00:29:59,297 - ERROR - Timeout, pattern: 036811????, retry
2025-06-20 00:30:26,880 - ERROR - Timeout, pattern: 03682?????, retry
2025-06-20 00:30:26,983 - ERROR - Requests ProxyError, pattern: 03682?????, retry
2025-06-20 00:30:38,944 - ERROR - Timeout, pattern: 036820????, retry
2025-06-20 00:31:09,605 - ERROR - Requests ProxyError, pattern: 036829????, retry
2025-06-20 00:31:25,163 - ERROR - Timeout, pattern: 036831????, retry
2025-06-20 00:31:34,532 - ERROR - Timeout, pattern: 036832????, retry
2025-06-20 00:32:51,341 - ERROR - Unknown error: HTTPSConnectionPool(host='apigami.viettel.vn', port=443): Max retries exceeded with url: /mvt-api/myviettel.php/omiSearchSimV2?isdn_type=2&page_type=&page=1&page_size=50&key_search=0368339???&total_record=1&captcha=&sid= (Caused by SSLError(SSLEOFError(8, '[SSL: UNEXPECTED_EOF_WHILE_READING] EOF occurred in violation of protocol (_ssl.c:1006)'))), retry
2025-06-20 00:33:19,070 - ERROR - Timeout, pattern: 036839????, retry
2025-06-20 00:33:48,959 - ERROR - Requests ProxyError, pattern: 0368434???, retry
2025-06-20 00:34:20,958 - ERROR - Timeout, pattern: 0368440???, retry
2025-06-20 00:34:30,516 - ERROR - Timeout, pattern: 0368441???, retry
2025-06-20 00:34:55,567 - ERROR - Timeout, pattern: 0368447???, retry
2025-06-20 00:35:31,855 - ERROR - Timeout, pattern: 0368454???, retry
2025-06-20 00:35:47,579 - ERROR - L\u1ed7i HTTP 502 khi truy v\u1ea5n pattern 0368458???, response = b'<html>\r\n<head><title>502 Bad Gateway</title></head>\r\n<body bgcolor="white">\r\n<center><h1>502 Bad Gat'
2025-06-20 00:35:47,588 - ERROR - Unknown error: Expecting value: line 1 column 1 (char 0), retry
2025-06-20 00:35:52,710 - ERROR - L\u1ed7i HTTP 502 khi truy v\u1ea5n pattern 0368458???, response = b'<html>\r\n<head><title>502 Bad Gateway</title></head>\r\n<body bgcolor="white">\r\n<center><h1>502 Bad Gat'
2025-06-20 00:35:52,710 - ERROR - Unknown error: Expecting value: line 1 column 1 (char 0), retry
2025-06-20 00:35:56,085 - ERROR - L\u1ed7i HTTP 502 khi truy v\u1ea5n pattern 0368458???, response = b'<html>\r\n<head><title>502 Bad Gateway</title></head>\r\n<body bgcolor="white">\r\n<center><h1>502 Bad Gat'
2025-06-20 00:35:56,085 - ERROR - Unknown error: Expecting value: line 1 column 1 (char 0), retry
2025-06-20 00:36:02,346 - ERROR - L\u1ed7i HTTP 502 khi truy v\u1ea5n pattern 0368459???, response = b'<html>\r\n<head><title>502 Bad Gateway</title></head>\r\n<body bgcolor="white">\r\n<center><h1>502 Bad Gat'
2025-06-20 00:36:02,347 - ERROR - Unknown error: Expecting value: line 1 column 1 (char 0), retry
2025-06-20 00:36:07,803 - ERROR - L\u1ed7i HTTP 502 khi truy v\u1ea5n pattern 036846????, response = b'<html>\r\n<head><title>502 Bad Gateway</title></head>\r\n<body bgcolor="white">\r\n<center><h1>502 Bad Gat'
2025-06-20 00:36:07,804 - ERROR - Unknown error: Expecting value: line 1 column 1 (char 0), retry
2025-06-20 00:36:13,652 - ERROR - Timeout, pattern: 036846????, retry
2025-06-20 00:36:17,965 - ERROR - L\u1ed7i HTTP 502 khi truy v\u1ea5n pattern 036846????, response = b'<html>\r\n<head><title>502 Bad Gateway</title></head>\r\n<body bgcolor="white">\r\n<center><h1>502 Bad Gat'
2025-06-20 00:36:17,966 - ERROR - Unknown error: Expecting value: line 1 column 1 (char 0), retry
2025-06-20 00:36:24,966 - ERROR - L\u1ed7i HTTP 502 khi truy v\u1ea5n pattern 0368460???, response = b'<html>\r\n<head><title>502 Bad Gateway</title></head>\r\n<body bgcolor="white">\r\n<center><h1>502 Bad Gat'
2025-06-20 00:36:24,966 - ERROR - Unknown error: Expecting value: line 1 column 1 (char 0), retry
2025-06-20 00:36:30,831 - ERROR - Timeout, pattern: 0368460???, retry
2025-06-20 00:36:34,213 - ERROR - L\u1ed7i HTTP 502 khi truy v\u1ea5n pattern 0368460???, response = b'<html>\r\n<head><title>502 Bad Gateway</title></head>\r\n<body bgcolor="white">\r\n<center><h1>502 Bad Gat'
2025-06-20 00:36:34,214 - ERROR - Unknown error: Expecting value: line 1 column 1 (char 0), retry
2025-06-20 00:36:38,255 - ERROR - L\u1ed7i HTTP 502 khi truy v\u1ea5n pattern 0368460???, response = b'<html>\r\n<head><title>502 Bad Gateway</title></head>\r\n<body bgcolor="white">\r\n<center><h1>502 Bad Gat'
2025-06-20 00:36:38,256 - ERROR - Unknown error: Expecting value: line 1 column 1 (char 0), retry
2025-06-20 00:36:38,648 - ERROR - L\u1ed7i HTTP 502 khi truy v\u1ea5n pattern 0368460???, response = b'<html>\r\n<head><title>502 Bad Gateway</title></head>\r\n<body bgcolor="white">\r\n<center><h1>502 Bad Gat'
2025-06-20 00:36:38,649 - ERROR - Unknown error: Expecting value: line 1 column 1 (char 0), retry
2025-06-20 00:36:42,576 - ERROR - L\u1ed7i HTTP 502 khi truy v\u1ea5n pattern 0368460???, response = b'<html>\r\n<head><title>502 Bad Gateway</title></head>\r\n<body bgcolor="white">\r\n<center><h1>502 Bad Gat'
2025-06-20 00:36:42,577 - ERROR - Unknown error: Expecting value: line 1 column 1 (char 0), retry
2025-06-20 00:36:45,784 - ERROR - L\u1ed7i HTTP 502 khi truy v\u1ea5n pattern 0368460???, response = b'<html>\r\n<head><title>502 Bad Gateway</title></head>\r\n<body bgcolor="white">\r\n<center><h1>502 Bad Gat'
2025-06-20 00:36:45,785 - ERROR - Unknown error: Expecting value: line 1 column 1 (char 0), retry
2025-06-20 00:36:57,809 - ERROR - L\u1ed7i HTTP 502 khi truy v\u1ea5n pattern 0368462???, response = b'<html>\r\n<head><title>502 Bad Gateway</title></head>\r\n<body bgcolor="white">\r\n<center><h1>502 Bad Gat'
2025-06-20 00:36:57,809 - ERROR - Unknown error: Expecting value: line 1 column 1 (char 0), retry
2025-06-20 00:37:02,237 - ERROR - L\u1ed7i HTTP 502 khi truy v\u1ea5n pattern 0368462???, response = b'<html>\r\n<head><title>502 Bad Gateway</title></head>\r\n<body bgcolor="white">\r\n<center><h1>502 Bad Gat'
2025-06-20 00:37:02,237 - ERROR - Unknown error: Expecting value: line 1 column 1 (char 0), retry
2025-06-20 00:37:03,683 - ERROR - L\u1ed7i HTTP 502 khi truy v\u1ea5n pattern 0368462???, response = b'<html>\r\n<head><title>502 Bad Gateway</title></head>\r\n<body bgcolor="white">\r\n<center><h1>502 Bad Gat'
2025-06-20 00:37:03,683 - ERROR - Unknown error: Expecting value: line 1 column 1 (char 0), retry
2025-06-20 00:37:45,084 - ERROR - Requests ProxyError, pattern: 0368470???, retry
2025-06-20 00:38:03,791 - ERROR - Unknown error: HTTPSConnectionPool(host='apigami.viettel.vn', port=443): Max retries exceeded with url: /mvt-api/myviettel.php/omiSearchSimV2?isdn_type=2&page_type=&page=1&page_size=50&key_search=0368473???&total_record=1&captcha=&sid= (Caused by SSLError(SSLEOFError(8, '[SSL: UNEXPECTED_EOF_WHILE_READING] EOF occurred in violation of protocol (_ssl.c:1006)'))), retry
2025-06-20 00:38:28,389 - ERROR - Timeout, pattern: 0368479???, retry
2025-06-20 00:38:41,862 - ERROR - Requests ProxyError, pattern: 03685?????, retry
2025-06-20 00:39:10,337 - ERROR - Timeout, pattern: 036856????, retry
2025-06-20 00:40:36,490 - ERROR - Timeout, pattern: 036886????, retry
2025-06-20 00:40:36,595 - ERROR - Requests ProxyError, pattern: 036886????, retry
2025-06-20 00:40:55,625 - ERROR - Timeout, pattern: 0368871???, retry
2025-06-20 00:41:06,731 - ERROR - Timeout, pattern: 0368873???, retry
2025-06-20 00:41:12,621 - ERROR - Timeout, pattern: 0368873???, retry
2025-06-20 00:41:49,159 - ERROR - Requests ProxyError, pattern: 03689?????, retry
2025-06-20 00:42:13,617 - ERROR - Timeout, pattern: 036895????, retry
2025-06-20 00:43:48,201 - ERROR - Timeout, pattern: 036918????, retry
2025-06-20 00:44:33,901 - ERROR - Timeout, pattern: 036928????, retry
2025-06-20 00:44:51,364 - ERROR - Timeout, pattern: 0369292???, retry
2025-06-20 00:44:51,471 - ERROR - Requests ProxyError, pattern: 0369292???, retry
2025-06-20 00:45:56,391 - ERROR - Timeout, pattern: 036931????, retry
2025-06-20 00:46:03,827 - ERROR - Requests ProxyError, pattern: 0369311???, retry
2025-06-20 00:46:18,008 - ERROR - Timeout, pattern: 0369313???, retry
2025-06-20 00:47:01,306 - ERROR - Timeout, pattern: 0369323???, retry
2025-06-20 00:47:37,994 - ERROR - Timeout, pattern: 0369334???, retry
2025-06-20 00:48:08,129 - ERROR - Timeout, pattern: 0369340???, retry
2025-06-20 00:48:36,715 - ERROR - Timeout, pattern: 0369346???, retry
2025-06-20 00:48:49,343 - ERROR - Timeout, pattern: 0369348???, retry
2025-06-20 00:48:54,403 - ERROR - L\u1ed7i HTTP 502 khi truy v\u1ea5n pattern 0369348???, response = b'<html>\r\n<head><title>502 Bad Gateway</title></head>\r\n<body bgcolor="white">\r\n<center><h1>502 Bad Gat'
2025-06-20 00:48:54,403 - ERROR - Unknown error: Expecting value: line 1 column 1 (char 0), retry
2025-06-20 00:48:54,490 - ERROR - Requests ProxyError, pattern: 0369348???, retry
2025-06-20 00:49:05,979 - ERROR - Timeout, pattern: 036935????, retry
2025-06-20 00:49:13,204 - ERROR - L\u1ed7i HTTP 502 khi truy v\u1ea5n pattern 0369350???, response = b'<html>\r\n<head><title>502 Bad Gateway</title></head>\r\n<body bgcolor="white">\r\n<center><h1>502 Bad Gat'
2025-06-20 00:49:13,204 - ERROR - Unknown error: Expecting value: line 1 column 1 (char 0), retry
2025-06-20 00:49:16,196 - ERROR - L\u1ed7i HTTP 502 khi truy v\u1ea5n pattern 0369350???, response = b'<html>\r\n<head><title>502 Bad Gateway</title></head>\r\n<body bgcolor="white">\r\n<center><h1>502 Bad Gat'
2025-06-20 00:49:16,197 - ERROR - Unknown error: Expecting value: line 1 column 1 (char 0), retry
2025-06-20 00:49:16,291 - ERROR - Requests ProxyError, pattern: 0369350???, retry
2025-06-20 00:49:20,846 - ERROR - L\u1ed7i HTTP 502 khi truy v\u1ea5n pattern 0369350???, response = b'<html>\r\n<head><title>502 Bad Gateway</title></head>\r\n<body bgcolor="white">\r\n<center><h1>502 Bad Gat'
2025-06-20 00:49:20,846 - ERROR - Unknown error: Expecting value: line 1 column 1 (char 0), retry
2025-06-20 00:49:31,657 - ERROR - L\u1ed7i HTTP 502 khi truy v\u1ea5n pattern 0369352???, response = b'<html>\r\n<head><title>502 Bad Gateway</title></head>\r\n<body bgcolor="white">\r\n<center><h1>502 Bad Gat'
2025-06-20 00:49:31,657 - ERROR - Unknown error: Expecting value: line 1 column 1 (char 0), retry
2025-06-20 00:49:35,759 - ERROR - L\u1ed7i HTTP 502 khi truy v\u1ea5n pattern 0369352???, response = b'<html>\r\n<head><title>502 Bad Gateway</title></head>\r\n<body bgcolor="white">\r\n<center><h1>502 Bad Gat'
2025-06-20 00:49:35,759 - ERROR - Unknown error: Expecting value: line 1 column 1 (char 0), retry
2025-06-20 00:49:42,268 - ERROR - L\u1ed7i HTTP 502 khi truy v\u1ea5n pattern 0369353???, response = b'<html>\r\n<head><title>502 Bad Gateway</title></head>\r\n<body bgcolor="white">\r\n<center><h1>502 Bad Gat'
2025-06-20 00:49:42,269 - ERROR - Unknown error: Expecting value: line 1 column 1 (char 0), retry
2025-06-20 00:49:53,406 - ERROR - L\u1ed7i HTTP 502 khi truy v\u1ea5n pattern 0369355???, response = b'<html>\r\n<head><title>502 Bad Gateway</title></head>\r\n<body bgcolor="white">\r\n<center><h1>502 Bad Gat'
2025-06-20 00:49:53,406 - ERROR - Unknown error: Expecting value: line 1 column 1 (char 0), retry
2025-06-20 00:49:57,665 - ERROR - L\u1ed7i HTTP 502 khi truy v\u1ea5n pattern 0369355???, response = b'<html>\r\n<head><title>502 Bad Gateway</title></head>\r\n<body bgcolor="white">\r\n<center><h1>502 Bad Gat'
2025-06-20 00:49:57,666 - ERROR - Unknown error: Expecting value: line 1 column 1 (char 0), retry
2025-06-20 00:50:04,820 - ERROR - L\u1ed7i HTTP 502 khi truy v\u1ea5n pattern 0369356???, response = b'<html>\r\n<head><title>502 Bad Gateway</title></head>\r\n<body bgcolor="white">\r\n<center><h1>502 Bad Gat'
2025-06-20 00:50:04,820 - ERROR - Unknown error: Expecting value: line 1 column 1 (char 0), retry
2025-06-20 00:52:06,169 - ERROR - Timeout, pattern: 0369449???, retry
2025-06-20 00:52:12,011 - ERROR - Timeout, pattern: 0369449???, retry
2025-06-20 00:52:25,288 - ERROR - Timeout, pattern: 0369452???, retry
2025-06-20 00:52:36,290 - ERROR - Timeout, pattern: 0369454???, retry
2025-06-20 00:53:14,638 - ERROR - Timeout, pattern: 0369460???, retry
2025-06-20 00:53:29,972 - ERROR - Timeout, pattern: 0369464???, retry
2025-06-20 00:53:53,067 - ERROR - Timeout, pattern: 0369469???, retry
2025-06-20 00:53:58,913 - ERROR - Timeout, pattern: 0369469???, retry
2025-06-20 00:54:21,820 - ERROR - Timeout, pattern: 0369474???, retry
2025-06-20 00:54:34,685 - ERROR - Timeout, pattern: 0369477???, retry
2025-06-20 00:54:40,540 - ERROR - Timeout, pattern: 0369477???, retry
2025-06-20 00:55:16,523 - ERROR - Timeout, pattern: 036953????, retry
2025-06-20 00:55:28,558 - ERROR - Timeout, pattern: 036956????, retry
2025-06-20 00:55:44,992 - ERROR - Timeout, pattern: 036959????, retry
2025-06-20 00:55:45,100 - ERROR - Requests ProxyError, pattern: 036959????, retry
2025-06-20 00:56:02,285 - ERROR - Requests ProxyError, pattern: 036963????, retry
2025-06-20 00:56:07,330 - ERROR - Timeout, pattern: 036963????, retry
2025-06-20 00:56:35,975 - ERROR - Timeout, pattern: 03697?????, retry
2025-06-20 00:57:20,229 - ERROR - Timeout, pattern: 03698?????, retry
2025-06-20 00:57:29,587 - ERROR - Timeout, pattern: 036980????, retry
2025-06-20 00:57:38,054 - ERROR - Requests ProxyError, pattern: 036983????, retry
2025-06-20 00:57:55,683 - ERROR - Timeout, pattern: 036987????, retry
2025-06-20 00:58:37,150 - ERROR - Requests ProxyError, pattern: 0369879???, retry
2025-06-20 00:58:53,052 - ERROR - Timeout, pattern: 03699?????, retry
2025-06-20 01:00:37,543 - ERROR - Timeout, pattern: 037211????, retry
2025-06-20 01:01:10,732 - ERROR - Timeout, pattern: 0372183???, retry
2025-06-20 01:01:41,819 - ERROR - Requests ProxyError, pattern: 037221????, retry
2025-06-20 01:02:00,667 - ERROR - Timeout, pattern: 0372212???, retry
2025-06-20 01:02:56,058 - ERROR - Requests ProxyError, pattern: 037230????, retry
2025-06-20 01:03:04,967 - ERROR - Timeout, pattern: 037230????, retry
2025-06-20 01:03:19,392 - ERROR - Timeout, pattern: 037233????, retry
2025-06-20 01:03:31,409 - ERROR - Timeout, pattern: 0372332???, retry
2025-06-20 01:04:10,698 - ERROR - Timeout, pattern: 0372339???, retry
2025-06-20 01:04:19,945 - ERROR - Timeout, pattern: 037234????, retry
2025-06-20 01:04:33,377 - ERROR - Unknown error: HTTPSConnectionPool(host='apigami.viettel.vn', port=443): Max retries exceeded with url: /mvt-api/myviettel.php/omiSearchSimV2?isdn_type=2&page_type=&page=1&page_size=50&key_search=0372344???&total_record=1&captcha=&sid= (Caused by SSLError(SSLEOFError(8, '[SSL: UNEXPECTED_EOF_WHILE_READING] EOF occurred in violation of protocol (_ssl.c:1006)'))), retry
2025-06-20 01:04:44,778 - ERROR - Timeout, pattern: 0372345???, retry
2025-06-20 01:04:58,577 - ERROR - Timeout, pattern: 0372347???, retry
2025-06-20 01:05:22,404 - ERROR - Timeout, pattern: 0372352???, retry
2025-06-20 01:05:28,192 - ERROR - Timeout, pattern: 0372352???, retry
2025-06-20 01:06:50,064 - ERROR - Timeout, pattern: 037240????, retry
2025-06-20 01:07:03,245 - ERROR - Requests ProxyError, pattern: 0372403???, retry
2025-06-20 01:07:09,095 - ERROR - Timeout, pattern: 0372403???, retry
2025-06-20 01:07:51,350 - ERROR - Timeout, pattern: 037243????, retry
2025-06-20 01:08:13,577 - ERROR - Timeout, pattern: 0372435???, retry
2025-06-20 01:08:37,440 - ERROR - Timeout, pattern: 037244????, retry
2025-06-20 01:08:46,311 - ERROR - Timeout, pattern: 037244????, retry
2025-06-20 01:09:05,846 - ERROR - Timeout, pattern: 0372452???, retry
2025-06-20 01:09:21,112 - ERROR - Requests ProxyError, pattern: 0372456???, retry
2025-06-20 01:09:38,070 - ERROR - Timeout, pattern: 0372459???, retry
2025-06-20 01:09:48,115 - ERROR - Timeout, pattern: 037247????, retry
2025-06-20 01:09:53,166 - ERROR - Timeout, pattern: 037247????, retry
2025-06-20 01:10:36,492 - ERROR - Requests ProxyError, pattern: 037250????, retry
2025-06-20 01:11:03,011 - ERROR - Timeout, pattern: 0372532???, retry
2025-06-20 01:12:38,967 - ERROR - Timeout, pattern: 0372592???, retry
2025-06-20 01:14:35,041 - ERROR - Timeout, pattern: 0372636???, retry
2025-06-20 01:14:41,935 - ERROR - L\u1ed7i khi truy v\u1ea5n pattern 0372637???: {'errorCode': 1, 'message': 'H\u1ec7 th\u1ed1ng \u0111ang b\u1ea3o trì. Vui lòng quay l\u1ea1i sau.', 'data': None}, retry
2025-06-20 01:14:45,862 - ERROR - L\u1ed7i khi truy v\u1ea5n pattern 0372637???: {'errorCode': 1, 'message': 'H\u1ec7 th\u1ed1ng \u0111ang b\u1ea3o trì. Vui lòng quay l\u1ea1i sau.', 'data': None}, retry
2025-06-20 01:14:50,270 - ERROR - L\u1ed7i khi truy v\u1ea5n pattern 0372637???: {'errorCode': 1, 'message': 'H\u1ec7 th\u1ed1ng \u0111ang b\u1ea3o trì. Vui lòng quay l\u1ea1i sau.', 'data': None}, retry
2025-06-20 01:14:54,010 - ERROR - L\u1ed7i khi truy v\u1ea5n pattern 0372637???: {'errorCode': 1, 'message': 'H\u1ec7 th\u1ed1ng \u0111ang b\u1ea3o trì. Vui lòng quay l\u1ea1i sau.', 'data': None}, retry
2025-06-20 01:14:57,595 - ERROR - L\u1ed7i khi truy v\u1ea5n pattern 0372637???: {'errorCode': 1, 'message': 'H\u1ec7 th\u1ed1ng \u0111ang b\u1ea3o trì. Vui lòng quay l\u1ea1i sau.', 'data': None}, retry
2025-06-20 01:15:00,533 - ERROR - L\u1ed7i khi truy v\u1ea5n pattern 0372637???: {'errorCode': 1, 'message': 'H\u1ec7 th\u1ed1ng \u0111ang b\u1ea3o trì. Vui lòng quay l\u1ea1i sau.', 'data': None}, retry
2025-06-20 01:15:07,073 - ERROR - L\u1ed7i khi truy v\u1ea5n pattern 0372638???: {'errorCode': 1, 'message': 'H\u1ec7 th\u1ed1ng \u0111ang b\u1ea3o trì. Vui lòng quay l\u1ea1i sau.', 'data': None}, retry
2025-06-20 01:15:11,741 - ERROR - L\u1ed7i khi truy v\u1ea5n pattern 0372638???: {'errorCode': 1, 'message': 'H\u1ec7 th\u1ed1ng \u0111ang b\u1ea3o trì. Vui lòng quay l\u1ea1i sau.', 'data': None}, retry
2025-06-20 01:15:20,992 - ERROR - Timeout, pattern: 0372639???, retry
2025-06-20 01:15:29,806 - ERROR - Timeout, pattern: 0372640???, retry
2025-06-20 01:16:01,540 - ERROR - Timeout, pattern: 0372647???, retry
2025-06-20 01:16:16,005 - ERROR - Requests ProxyError, pattern: 0372650???, retry
2025-06-20 01:17:03,129 - ERROR - Timeout, pattern: 037267????, retry
2025-06-20 01:17:46,817 - ERROR - Timeout, pattern: 0372688???, retry
2025-06-20 01:17:51,926 - ERROR - Timeout, pattern: 0372688???, retry
2025-06-20 01:17:56,995 - ERROR - Timeout, pattern: 0372688???, retry
2025-06-20 01:18:02,070 - ERROR - Timeout, pattern: 0372688???, retry
2025-06-20 01:18:27,716 - ERROR - Requests ProxyError, pattern: 0372695???, retry
2025-06-20 01:18:45,724 - ERROR - Timeout, pattern: 0372699???, retry
2025-06-20 01:19:27,542 - ERROR - Timeout, pattern: 037277????, retry
2025-06-20 01:20:08,962 - ERROR - Timeout, pattern: 037285????, retry
2025-06-20 01:20:43,619 - ERROR - Timeout, pattern: 037291????, retry
2025-06-20 01:20:52,547 - ERROR - Requests ProxyError, pattern: 037294????, retry
2025-06-20 01:21:07,142 - ERROR - Timeout, pattern: 037296????, retry
2025-06-20 01:21:19,018 - ERROR - Timeout, pattern: 037298????, retry
2025-06-20 01:22:02,182 - ERROR - Timeout, pattern: 037308????, retry
2025-06-20 01:22:44,848 - ERROR - Timeout, pattern: 037319????, retry
2025-06-20 01:22:58,664 - ERROR - Timeout, pattern: 037320????, retry
2025-06-20 01:23:06,953 - ERROR - Unknown error: HTTPSConnectionPool(host='apigami.viettel.vn', port=443): Max retries exceeded with url: /mvt-api/myviettel.php/omiSearchSimV2?isdn_type=2&page_type=&page=1&page_size=50&key_search=037322????&total_record=1&captcha=&sid= (Caused by SSLError(SSLEOFError(8, '[SSL: UNEXPECTED_EOF_WHILE_READING] EOF occurred in violation of protocol (_ssl.c:1006)'))), retry
2025-06-20 01:23:20,543 - ERROR - Timeout, pattern: 0373222???, retry
2025-06-20 01:23:40,891 - ERROR - Timeout, pattern: 0373227???, retry
2025-06-20 01:24:03,833 - ERROR - Timeout, pattern: 037325????, retry
2025-06-20 01:24:39,583 - ERROR - Timeout, pattern: 037341????, retry
2025-06-20 01:25:41,622 - ERROR - Timeout, pattern: 0373614???, retry
2025-06-20 01:26:07,396 - ERROR - Timeout, pattern: 037362????, retry
2025-06-20 01:26:12,507 - ERROR - Timeout, pattern: 037362????, retry
2025-06-20 01:26:45,957 - ERROR - Timeout, pattern: 03737?????, retry
2025-06-20 01:26:58,080 - ERROR - L\u1ed7i khi truy v\u1ea5n pattern 03739?????: {'errorCode': 3, 'message': 'Xin l\u1ed7i! Quý khách vui lòng ch\u1ecdn s\u1ed1 khác, s\u1ed1 \u0111i\u1ec7n tho\u1ea1i này \u0111ã có ng\u01b0\u1eddi s\u1eed d\u1ee5ng ho\u1eb7c \u0111\u1eb7t mua ho\u1eb7c không t\u1ed3n t\u1ea1i.', 'data': [], 'totalItems': 0, 'request_captcha': 0}, retry
